#
# There is insufficient memory for the Java Runtime Environment to continue.
# Native memory allocation (malloc) failed to allocate 1048576 bytes for AllocateHeap
# Possible reasons:
#   The system is out of physical RAM or swap space
#   The process is running with CompressedOops enabled, and the Java Heap may be blocking the growth of the native heap
# Possible solutions:
#   Reduce memory load on the system
#   Increase physical memory or swap space
#   Check if swap backing store is full
#   Decrease Java heap size (-Xmx/-Xms)
#   Decrease number of Java threads
#   Decrease Java thread stack sizes (-Xss)
#   Set larger code cache with -XX:ReservedCodeCacheSize=
#   JVM is running with Unscaled Compressed Oops mode in which the Java heap is
#     placed in the first 4GB address space. The Java Heap base address is the
#     maximum limit for the native heap growth. Please use -XX:HeapBaseMinAddress
#     to set the Java Heap base and to place the Java Heap above 4GB virtual address.
# This output file may be truncated or incomplete.
#
#  Out of Memory Error (memory/allocation.inline.hpp:63), pid=4528, tid=4136
#
# JRE version: Java(TM) SE Runtime Environment (10.0.1+10) (build 10.0.1+10)
# Java VM: Java HotSpot(TM) 64-Bit Server VM (10.0.1+10, mixed mode, tiered, compressed oops, g1 gc, windows-amd64)
# No core dump will be written. Minidumps are not enabled by default on client versions of Windows
#

---------------  S U M M A R Y ------------

Command Line: -XX:+HeapDumpOnOutOfMemoryError -Xmx1024m -Dfile.encoding=windows-1251 -Duser.country=RU -Duser.language=ru -Duser.variant org.gradle.launcher.daemon.bootstrap.GradleDaemon 4.7

Host: Intel(R) Core(TM) i5 CPU         760  @ 2.80GHz, 4 cores, 3G,  Windows 7 , 64 bit Build 7601 (6.1.7601.18015)
Time: Tue Aug 21 11:40:06 2018 Oeieyiaey (eaoi) elapsed time: 6 seconds (0d 0h 0m 6s)

---------------  T H R E A D  ---------------

Current thread (0x00000000224a2000):  VMThread "VM Thread" [stack: 0x00000000636c0000,0x00000000637c0000] [id=4136]

Stack: [0x00000000636c0000,0x00000000637c0000]
[error occurred during error reporting (printing stack bounds), id 0xe0000001]

Native frames: (J=compiled Java code, j=interpreted, Vv=VM code, C=native code)
V  [jvm.dll+0x5a0369]
V  [jvm.dll+0x6bcf81]
V  [jvm.dll+0x6be176]
V  [jvm.dll+0x6be765]
V  [jvm.dll+0x6be71b]
V  [jvm.dll+0x59fb63]
V  [jvm.dll+0x59ff68]
C  [ntdll.dll+0x29d2d]
C  [ntdll.dll+0x191cf]
C  [ntdll.dll+0x51248]
C  0x000000000da90ea7

VM_Operation (0x0000000067fa8510): CollectForMetadataAllocation, mode: safepoint, requested by thread 0x0000000066b60800


---------------  P R O C E S S  ---------------

Threads class SMR info:
_java_thread_list=0x0000000065073d60, length=24, elements={
0x0000000000321000, 0x00000000224a4800, 0x00000000224a7800, 0x000000006349b000,
0x000000006349c000, 0x000000006349f000, 0x00000000634a3800, 0x00000000634a8000,
0x00000000634a8800, 0x00000000642e0800, 0x00000000642e5000, 0x000000006687c800,
0x000000006718c000, 0x0000000066ca1000, 0x0000000067170800, 0x0000000067172800,
0x0000000066b60000, 0x0000000066b60800, 0x0000000066f96000, 0x00000000635d7800,
0x0000000064fa3000, 0x0000000064fa4000, 0x0000000064fa5000, 0x0000000064fa5800
}

Java Threads: ( => current thread )
  0x0000000000321000 JavaThread "main" [_thread_blocked, id=4572, stack(0x00000000020d0000,0x00000000021d0000)]
  0x00000000224a4800 JavaThread "Reference Handler" daemon [_thread_blocked, id=3348, stack(0x0000000063850000,0x0000000063950000)]
  0x00000000224a7800 JavaThread "Finalizer" daemon [_thread_blocked, id=256, stack(0x0000000022690000,0x0000000022790000)]
  0x000000006349b000 JavaThread "Signal Dispatcher" daemon [_thread_blocked, id=592, stack(0x0000000063ad0000,0x0000000063bd0000)]
  0x000000006349c000 JavaThread "Attach Listener" daemon [_thread_blocked, id=4132, stack(0x0000000063c20000,0x0000000063d20000)]
  0x000000006349f000 JavaThread "C2 CompilerThread0" daemon [_thread_blocked, id=5992, stack(0x0000000063990000,0x0000000063a90000)]
  0x00000000634a3800 JavaThread "C2 CompilerThread1" daemon [_thread_blocked, id=3620, stack(0x0000000063d30000,0x0000000063e30000)]
  0x00000000634a8000 JavaThread "C1 CompilerThread2" daemon [_thread_blocked, id=5536, stack(0x0000000063e80000,0x0000000063f80000)]
  0x00000000634a8800 JavaThread "Sweeper thread" daemon [_thread_blocked, id=6132, stack(0x0000000064110000,0x0000000064210000)]
  0x00000000642e0800 JavaThread "Service Thread" daemon [_thread_blocked, id=5128, stack(0x0000000063ff0000,0x00000000640f0000)]
  0x00000000642e5000 JavaThread "Common-Cleaner" daemon [_thread_blocked, id=4988, stack(0x0000000064620000,0x0000000064720000)]
  0x000000006687c800 JavaThread "Daemon health stats" [_thread_blocked, id=5224, stack(0x0000000065670000,0x0000000065770000)]
  0x000000006718c000 JavaThread "Incoming local TCP Connector on port 51339" [_thread_in_native, id=2144, stack(0x0000000065c80000,0x0000000065d80000)]
  0x0000000066ca1000 JavaThread "Daemon periodic checks" [_thread_blocked, id=5088, stack(0x0000000067960000,0x0000000067a60000)]
  0x0000000067170800 JavaThread "Daemon" [_thread_blocked, id=4884, stack(0x0000000067da0000,0x0000000067ea0000)]
  0x0000000067172800 JavaThread "Handler for socket connection from /127.0.0.1:51339 to /127.0.0.1:51341" [_thread_in_native, id=4540, stack(0x00000000659a0000,0x0000000065aa0000)]
  0x0000000066b60000 JavaThread "Cancel handler" [_thread_blocked, id=4716, stack(0x0000000067c80000,0x0000000067d80000)]
  0x0000000066b60800 JavaThread "Daemon worker" [_thread_blocked, id=4184, stack(0x0000000067eb0000,0x0000000067fb0000)]
  0x0000000066f96000 JavaThread "Asynchronous log dispatcher for DefaultDaemonConnection: socket connection from /127.0.0.1:51339 to /127.0.0.1:51341" [_thread_blocked, id=6044, stack(0x00000000680c0000,0x00000000681c0000)]
  0x00000000635d7800 JavaThread "Stdin handler" [_thread_blocked, id=5796, stack(0x0000000068250000,0x0000000068350000)]
  0x0000000064fa3000 JavaThread "Cache worker for file hash cache (C:\Users\PC\.gradle\caches\4.7\fileHashes)" [_thread_blocked, id=5452, stack(0x0000000068550000,0x0000000068650000)]
  0x0000000064fa4000 JavaThread "File lock request listener" [_thread_in_native, id=5180, stack(0x00000000687a0000,0x00000000688a0000)]
  0x0000000064fa5000 JavaThread "File lock release action executor" [_thread_blocked, id=5272, stack(0x00000000688c0000,0x00000000689c0000)]
  0x0000000064fa5800 JavaThread "Cache worker for file hash cache (F:\Projects\java_barancev\mantis-tests\.gradle\4.7\fileHashes)" [_thread_blocked, id=3808, stack(0x00000000689e0000,0x0000000068ae0000)]

Other Threads:
=>0x00000000224a2000 VMThread "VM Thread" [stack: 0x00000000636c0000,0x00000000637c0000] [id=4136]
  0x00000000642e5800 WatcherThread [stack: 0x0000000064800000,0x0000000064900000] [id=4260]
  0x0000000000338000 GCTaskThread "GC Thread#0" [stack: 0x000000001cc00000,0x000000001cd00000] [id=4960]
  0x0000000000339800 GCTaskThread "GC Thread#1" [stack: 0x000000001cdb0000,0x000000001ceb0000] [id=4644]
  0x000000000033c000 GCTaskThread "GC Thread#2" [stack: 0x000000001cf80000,0x000000001d080000] [id=3944]
  0x0000000000342000 GCTaskThread "GC Thread#3" [stack: 0x000000001d1e0000,0x000000001d2e0000] [id=2076]
  0x0000000000382000 ConcurrentGCThread "G1 Main Marker" [stack: 0x000000001fdd0000,0x000000001fed0000] [id=344]
  0x000000000038c000 ConcurrentGCThread "G1 Conc#0" [stack: 0x000000001ff80000,0x0000000020080000] [id=2348]
  0x00000000003af800 ConcurrentGCThread "G1 Refine#0" [stack: 0x0000000022560000,0x0000000022660000] [id=3764]
  0x00000000223cc800 ConcurrentGCThread "G1 Refine#1" [stack: 0x00000000227a0000,0x00000000228a0000] [id=4640]
  0x00000000223cd800 ConcurrentGCThread "G1 Refine#2" [stack: 0x00000000228a0000,0x00000000229a0000] [id=1252]
  0x00000000223cf000 ConcurrentGCThread "G1 Refine#3" [stack: 0x00000000229c0000,0x0000000022ac0000] [id=4192]
  0x00000000223d0000 ConcurrentGCThread "G1 Young RemSet Sampling" [stack: 0x0000000022ae0000,0x0000000022be0000] [id=4448]

Threads with active compile tasks:

VM state:at safepoint (normal execution)

VM Mutex/Monitor currently owned by a thread:  ([mutex/lock_event])
[0x000000000031db00] Threads_lock - owner thread: 0x00000000224a2000
[0x000000000031e0a0] Heap_lock - owner thread: 0x0000000066b60800

Heap address: 0x00000000c0000000, size: 1024 MB, Compressed Oops mode: 32-bit
Narrow klass base: 0x0000000000000000, Narrow klass shift: 0
Compressed class space size: 1073741824 Address: 0x0000000022be0000

Heap:
 garbage-first heap   total 59392K, used 14403K [0x00000000c0000000, 0x0000000100000000)
  region size 1024K, 2 young (2048K), 2 survivors (2048K)
 Metaspace       used 20467K, capacity 20806K, committed 20864K, reserved 1075200K
  class space    used 2490K, capacity 2647K, committed 2688K, reserved 1048576K
Heap Regions: E=young(eden), S=young(survivor), O=old, HS=humongous(starts), HC=humongous(continues), CS=collection set, F=free, A=archive, TS=gc time stamp, AC=allocation context, TAMS=top-at-mark-start (previous, next)
|   0|0x00000000c0000000, 0x00000000c0100000, 0x00000000c0100000|100%|HS|  |TS  0|AC  0|TAMS 0x00000000c0000000, 0x00000000c0100000|
|   1|0x00000000c0100000, 0x00000000c0200000, 0x00000000c0200000|100%|HC|  |TS  0|AC  0|TAMS 0x00000000c0100000, 0x00000000c0200000|
|   2|0x00000000c0200000, 0x00000000c0300000, 0x00000000c0300000|100%| O|  |TS  1|AC  0|TAMS 0x00000000c0200000, 0x00000000c0300000|
|   3|0x00000000c0300000, 0x00000000c0400000, 0x00000000c0400000|100%| O|  |TS  1|AC  0|TAMS 0x00000000c0300000, 0x00000000c0400000|
|   4|0x00000000c0400000, 0x00000000c0500000, 0x00000000c0500000|100%| O|  |TS  2|AC  0|TAMS 0x00000000c0400000, 0x00000000c0500000|
|   5|0x00000000c0500000, 0x00000000c0600000, 0x00000000c0600000|100%| O|  |TS  2|AC  0|TAMS 0x00000000c0500000, 0x00000000c0600000|
|   6|0x00000000c0600000, 0x00000000c0700000, 0x00000000c0700000|100%| O|  |TS  3|AC  0|TAMS 0x00000000c0600000, 0x00000000c0700000|
|   7|0x00000000c0700000, 0x00000000c0800000, 0x00000000c0800000|100%| O|  |TS  4|AC  0|TAMS 0x00000000c0700000, 0x00000000c0800000|
|   8|0x00000000c0800000, 0x00000000c0900000, 0x00000000c0900000|100%| O|  |TS  4|AC  0|TAMS 0x00000000c0800000, 0x00000000c0900000|
|   9|0x00000000c0900000, 0x00000000c0a00000, 0x00000000c0a00000|100%| O|  |TS  4|AC  0|TAMS 0x00000000c0900000, 0x00000000c0a00000|
|  10|0x00000000c0a00000, 0x00000000c0b00000, 0x00000000c0b00000|100%| O|  |TS  5|AC  0|TAMS 0x00000000c0a00000, 0x00000000c0b00000|
|  11|0x00000000c0b00000, 0x00000000c0c00000, 0x00000000c0c00000|100%| O|  |TS  5|AC  0|TAMS 0x00000000c0b00000, 0x00000000c0c00000|
|  12|0x00000000c0c00000, 0x00000000c0cafa00, 0x00000000c0d00000| 68%| O|  |TS  6|AC  0|TAMS 0x00000000c0c00000, 0x00000000c0cafa00|
|  13|0x00000000c0d00000, 0x00000000c0d00000, 0x00000000c0e00000|  0%| F|  |TS  0|AC  0|TAMS 0x00000000c0d00000, 0x00000000c0d00000|
|  14|0x00000000c0e00000, 0x00000000c0e00000, 0x00000000c0f00000|  0%| F|  |TS  0|AC  0|TAMS 0x00000000c0e00000, 0x00000000c0e00000|
|  15|0x00000000c0f00000, 0x00000000c0f00000, 0x00000000c1000000|  0%| F|  |TS  0|AC  0|TAMS 0x00000000c0f00000, 0x00000000c0f00000|
|  16|0x00000000c1000000, 0x00000000c1000000, 0x00000000c1100000|  0%| F|  |TS  0|AC  0|TAMS 0x00000000c1000000, 0x00000000c1000000|
|  17|0x00000000c1100000, 0x00000000c1100000, 0x00000000c1200000|  0%| F|  |TS  0|AC  0|TAMS 0x00000000c1100000, 0x00000000c1100000|
|  18|0x00000000c1200000, 0x00000000c1200000, 0x00000000c1300000|  0%| F|  |TS  0|AC  0|TAMS 0x00000000c1200000, 0x00000000c1200000|
|  19|0x00000000c1300000, 0x00000000c1300000, 0x00000000c1400000|  0%| F|  |TS  0|AC  0|TAMS 0x00000000c1300000, 0x00000000c1300000|
|  20|0x00000000c1400000, 0x00000000c1400000, 0x00000000c1500000|  0%| F|  |TS  0|AC  0|TAMS 0x00000000c1400000, 0x00000000c1400000|
|  21|0x00000000c1500000, 0x00000000c1500000, 0x00000000c1600000|  0%| F|  |TS  0|AC  0|TAMS 0x00000000c1500000, 0x00000000c1500000|
|  22|0x00000000c1600000, 0x00000000c1600000, 0x00000000c1700000|  0%| F|  |TS  0|AC  0|TAMS 0x00000000c1600000, 0x00000000c1600000|
|  23|0x00000000c1700000, 0x00000000c1700000, 0x00000000c1800000|  0%| F|  |TS  0|AC  0|TAMS 0x00000000c1700000, 0x00000000c1700000|
|  24|0x00000000c1800000, 0x00000000c1800000, 0x00000000c1900000|  0%| F|  |TS  0|AC  0|TAMS 0x00000000c1800000, 0x00000000c1800000|
|  25|0x00000000c1900000, 0x00000000c1900000, 0x00000000c1a00000|  0%| F|  |TS  0|AC  0|TAMS 0x00000000c1900000, 0x00000000c1900000|
|  26|0x00000000c1a00000, 0x00000000c1a00000, 0x00000000c1b00000|  0%| F|  |TS  0|AC  0|TAMS 0x00000000c1a00000, 0x00000000c1a00000|
|  27|0x00000000c1b00000, 0x00000000c1b00000, 0x00000000c1c00000|  0%| F|  |TS  0|AC  0|TAMS 0x00000000c1b00000, 0x00000000c1b00000|
|  28|0x00000000c1c00000, 0x00000000c1c00000, 0x00000000c1d00000|  0%| F|  |TS  0|AC  0|TAMS 0x00000000c1c00000, 0x00000000c1c00000|
|  29|0x00000000c1d00000, 0x00000000c1d00000, 0x00000000c1e00000|  0%| F|  |TS  0|AC  0|TAMS 0x00000000c1d00000, 0x00000000c1d00000|
|  30|0x00000000c1e00000, 0x00000000c1e00000, 0x00000000c1f00000|  0%| F|  |TS  0|AC  0|TAMS 0x00000000c1e00000, 0x00000000c1e00000|
|  31|0x00000000c1f00000, 0x00000000c1f00000, 0x00000000c2000000|  0%| F|  |TS  5|AC  0|TAMS 0x00000000c1f00000, 0x00000000c1f00000|
|  32|0x00000000c2000000, 0x00000000c2000000, 0x00000000c2100000|  0%| F|  |TS  5|AC  0|TAMS 0x00000000c2000000, 0x00000000c2000000|
|  33|0x00000000c2100000, 0x00000000c2100000, 0x00000000c2200000|  0%| F|  |TS  5|AC  0|TAMS 0x00000000c2100000, 0x00000000c2100000|
|  34|0x00000000c2200000, 0x00000000c2200000, 0x00000000c2300000|  0%| F|  |TS  4|AC  0|TAMS 0x00000000c2200000, 0x00000000c2200000|
|  35|0x00000000c2300000, 0x00000000c2300000, 0x00000000c2400000|  0%| F|  |TS  6|AC  0|TAMS 0x00000000c2300000, 0x00000000c2300000|
|  36|0x00000000c2400000, 0x00000000c2400000, 0x00000000c2500000|  0%| F|  |TS  6|AC  0|TAMS 0x00000000c2400000, 0x00000000c2400000|
|  37|0x00000000c2500000, 0x00000000c2500000, 0x00000000c2600000|  0%| F|  |TS  5|AC  0|TAMS 0x00000000c2500000, 0x00000000c2500000|
|  38|0x00000000c2600000, 0x00000000c2600000, 0x00000000c2700000|  0%| F|  |TS  5|AC  0|TAMS 0x00000000c2600000, 0x00000000c2600000|
|  39|0x00000000c2700000, 0x00000000c2700000, 0x00000000c2800000|  0%| F|  |TS  5|AC  0|TAMS 0x00000000c2700000, 0x00000000c2700000|
|  40|0x00000000c2800000, 0x00000000c2800000, 0x00000000c2900000|  0%| F|  |TS  5|AC  0|TAMS 0x00000000c2800000, 0x00000000c2800000|
|  41|0x00000000c2900000, 0x00000000c2900000, 0x00000000c2a00000|  0%| F|  |TS  5|AC  0|TAMS 0x00000000c2900000, 0x00000000c2900000|
|  42|0x00000000c2a00000, 0x00000000c2a00000, 0x00000000c2b00000|  0%| F|  |TS  5|AC  0|TAMS 0x00000000c2a00000, 0x00000000c2a00000|
|  43|0x00000000c2b00000, 0x00000000c2b00000, 0x00000000c2c00000|  0%| F|  |TS  5|AC  0|TAMS 0x00000000c2b00000, 0x00000000c2b00000|
|  44|0x00000000c2c00000, 0x00000000c2c00000, 0x00000000c2d00000|  0%| F|  |TS  5|AC  0|TAMS 0x00000000c2c00000, 0x00000000c2c00000|
|  45|0x00000000c2d00000, 0x00000000c2d00000, 0x00000000c2e00000|  0%| F|  |TS  5|AC  0|TAMS 0x00000000c2d00000, 0x00000000c2d00000|
|  46|0x00000000c2e00000, 0x00000000c2e00000, 0x00000000c2f00000|  0%| F|  |TS  5|AC  0|TAMS 0x00000000c2e00000, 0x00000000c2e00000|
|  47|0x00000000c2f00000, 0x00000000c2f00000, 0x00000000c3000000|  0%| F|  |TS  5|AC  0|TAMS 0x00000000c2f00000, 0x00000000c2f00000|
|  48|0x00000000c3000000, 0x00000000c3000000, 0x00000000c3100000|  0%| F|  |TS  5|AC  0|TAMS 0x00000000c3000000, 0x00000000c3000000|
|  49|0x00000000c3100000, 0x00000000c3100000, 0x00000000c3200000|  0%| F|  |TS  5|AC  0|TAMS 0x00000000c3100000, 0x00000000c3100000|
|  50|0x00000000c3200000, 0x00000000c3200000, 0x00000000c3300000|  0%| F|  |TS  5|AC  0|TAMS 0x00000000c3200000, 0x00000000c3200000|
|  51|0x00000000c3300000, 0x00000000c3361530, 0x00000000c3400000| 38%| S|CS|TS  6|AC  0|TAMS 0x00000000c3300000, 0x00000000c3300000|
|  52|0x00000000c3400000, 0x00000000c3500000, 0x00000000c3500000|100%| S|CS|TS  6|AC  0|TAMS 0x00000000c3400000, 0x00000000c3400000|
|  53|0x00000000c3500000, 0x00000000c3500000, 0x00000000c3600000|  0%| F|  |TS  6|AC  0|TAMS 0x00000000c3500000, 0x00000000c3500000|
|  54|0x00000000c3600000, 0x00000000c3600000, 0x00000000c3700000|  0%| F|  |TS  6|AC  0|TAMS 0x00000000c3600000, 0x00000000c3600000|
|  55|0x00000000c3700000, 0x00000000c3700000, 0x00000000c3800000|  0%| F|  |TS  6|AC  0|TAMS 0x00000000c3700000, 0x00000000c3700000|
|  56|0x00000000c3800000, 0x00000000c3800000, 0x00000000c3900000|  0%| F|  |TS  6|AC  0|TAMS 0x00000000c3800000, 0x00000000c3800000|
|  57|0x00000000c3900000, 0x00000000c3900000, 0x00000000c3a00000|  0%| F|  |TS  6|AC  0|TAMS 0x00000000c3900000, 0x00000000c3900000|

Card table byte_map: [0x000000001d810000,0x000000001da10000] byte_map_base: 0x000000001d210000

Marking Bits (Prev, Next): (CMBitMap*) 0x0000000000381380, (CMBitMap*) 0x00000000003813b8
 Prev Bits: [0x000000001dc10000, 0x000000001ec10000)
 Next Bits: [0x000000001ec10000, 0x000000001fc10000)

Polling page: 0x0000000000080000

CodeHeap 'non-profiled nmethods': size=120064Kb used=694Kb max_used=694Kb free=119369Kb
 bounds [0x0000000015550000, 0x00000000157c0000, 0x000000001ca90000]
CodeHeap 'profiled nmethods': size=120000Kb used=3061Kb max_used=3061Kb free=116938Kb
 bounds [0x000000000e020000, 0x000000000e330000, 0x0000000015550000]
CodeHeap 'non-nmethods': size=5696Kb used=1090Kb max_used=1104Kb free=4605Kb
 bounds [0x000000000da90000, 0x000000000dd00000, 0x000000000e020000]
 total_blobs=2781 nmethods=1666 adapters=351
 compilation: enabled

Compilation events (10 events):
Event: 6.452 Thread 0x00000000634a3800 1868       4       java.lang.StringBuilder::append (8 bytes)
Event: 6.460 Thread 0x00000000634a3800 nmethod 1868 0x00000000155fb810 code [0x00000000155fb9e0, 0x00000000155fbec8]
Event: 6.487 Thread 0x000000006349f000 1869       4       java.util.WeakHashMap::remove (133 bytes)
Event: 6.489 Thread 0x00000000634a3800 1870   !   4       java.util.zip.ZipFile$ZipFileInputStream::close (59 bytes)
Event: 6.502 Thread 0x000000006349f000 nmethod 1869 0x00000000155fc190 code [0x00000000155fc360, 0x00000000155fcec8]
Event: 6.515 Thread 0x00000000634a3800 nmethod 1870 0x00000000155fd310 code [0x00000000155fd500, 0x00000000155fe558]
Event: 6.537 Thread 0x000000006349f000 1871       4       java.util.Collections$SetFromMap::remove (19 bytes)
Event: 6.538 Thread 0x000000006349f000 nmethod 1871 0x00000000155d0b10 code [0x00000000155d0cc0, 0x00000000155d0d68]
Event: 6.642 Thread 0x00000000634a8000 1872       3       org.objectweb.asm.SymbolTable::get (13 bytes)
Event: 6.642 Thread 0x00000000634a8000 nmethod 1872 0x000000000e177b10 code [0x000000000e177cc0, 0x000000000e177e50]

GC Heap History (10 events):
Event: 1.737 GC heap before
{Heap before GC invocations=1 (full 0):
 garbage-first heap   total 59392K, used 13492K [0x00000000c0000000, 0x0000000100000000)
  region size 1024K, 9 young (9216K), 2 survivors (2048K)
 Metaspace       used 10358K, capacity 10553K, committed 10624K, reserved 1058816K
  class space    used 1059K, capacity 1135K, committed 1152K, reserved 1048576K
}
Event: 1.740 GC heap after
{Heap after GC invocations=2 (full 0):
 garbage-first heap   total 59392K, used 7115K [0x00000000c0000000, 0x0000000100000000)
  region size 1024K, 1 young (1024K), 1 survivors (1024K)
 Metaspace       used 10358K, capacity 10553K, committed 10624K, reserved 1058816K
  class space    used 1059K, capacity 1135K, committed 1152K, reserved 1048576K
}
Event: 2.160 GC heap before
{Heap before GC invocations=2 (full 0):
 garbage-first heap   total 59392K, used 27595K [0x00000000c0000000, 0x0000000100000000)
  region size 1024K, 20 young (20480K), 1 survivors (1024K)
 Metaspace       used 10591K, capacity 10866K, committed 11008K, reserved 1058816K
  class space    used 1079K, capacity 1175K, committed 1280K, reserved 1048576K
}
Event: 2.176 GC heap after
{Heap after GC invocations=3 (full 0):
 garbage-first heap   total 59392K, used 10607K [0x00000000c0000000, 0x0000000100000000)
  region size 1024K, 3 young (3072K), 3 survivors (3072K)
 Metaspace       used 10591K, capacity 10866K, committed 11008K, reserved 1058816K
  class space    used 1079K, capacity 1175K, committed 1280K, reserved 1048576K
}
Event: 5.435 GC heap before
{Heap before GC invocations=3 (full 0):
 garbage-first heap   total 59392K, used 32111K [0x00000000c0000000, 0x0000000100000000)
  region size 1024K, 24 young (24576K), 3 survivors (3072K)
 Metaspace       used 16860K, capacity 17281K, committed 17536K, reserved 1064960K
  class space    used 1920K, capacity 2069K, committed 2176K, reserved 1048576K
}
Event: 5.441 GC heap after
{Heap after GC invocations=4 (full 0):
 garbage-first heap   total 59392K, used 13095K [0x00000000c0000000, 0x0000000100000000)
  region size 1024K, 3 young (3072K), 3 survivors (3072K)
 Metaspace       used 16860K, capacity 17281K, committed 17536K, reserved 1064960K
  class space    used 1920K, capacity 2069K, committed 2176K, reserved 1048576K
}
Event: 6.202 GC heap before
{Heap before GC invocations=4 (full 0):
 garbage-first heap   total 59392K, used 34599K [0x00000000c0000000, 0x0000000100000000)
  region size 1024K, 24 young (24576K), 3 survivors (3072K)
 Metaspace       used 19580K, capacity 19942K, committed 20224K, reserved 1067008K
  class space    used 2359K, capacity 2487K, committed 2560K, reserved 1048576K
}
Event: 6.207 GC heap after
{Heap after GC invocations=5 (full 0):
 garbage-first heap   total 59392K, used 14366K [0x00000000c0000000, 0x0000000100000000)
  region size 1024K, 2 young (2048K), 2 survivors (2048K)
 Metaspace       used 19580K, capacity 19942K, committed 20224K, reserved 1067008K
  class space    used 2359K, capacity 2487K, committed 2560K, reserved 1048576K
}
Event: 6.648 GC heap before
{Heap before GC invocations=5 (full 0):
 garbage-first heap   total 59392K, used 18462K [0x00000000c0000000, 0x0000000100000000)
  region size 1024K, 7 young (7168K), 2 survivors (2048K)
 Metaspace       used 20467K, capacity 20806K, committed 20864K, reserved 1073152K
  class space    used 2490K, capacity 2647K, committed 2688K, reserved 1048576K
}
Event: 6.658 GC heap after
{Heap after GC invocations=6 (full 0):
 garbage-first heap   total 59392K, used 14403K [0x00000000c0000000, 0x0000000100000000)
  region size 1024K, 2 young (2048K), 2 survivors (2048K)
 Metaspace       used 20467K, capacity 20806K, committed 20864K, reserved 1073152K
  class space    used 2490K, capacity 2647K, committed 2688K, reserved 1048576K
}

Deoptimization events (10 events):
Event: 4.789 Thread 0x0000000000321000 Uncommon trap: reason=unstable_if action=reinterpret pc=0x0000000015574fdc method=java.lang.StringCoding.hasNegatives([BII)Z @ 12 c2
Event: 4.789 Thread 0x0000000000321000 Uncommon trap: reason=unstable_if action=reinterpret pc=0x0000000015563a2c method=java.lang.StringUTF16.compress([CI[BII)I @ 20 c2
Event: 5.087 Thread 0x0000000067172800 Uncommon trap: reason=bimorphic_or_optimized_type_check action=maybe_recompile pc=0x00000000155b9e80 method=java.util.concurrent.ConcurrentHashMap.get(Ljava/lang/Object;)Ljava/lang/Object; @ 149 c2
Event: 5.092 Thread 0x0000000067172800 Uncommon trap: reason=bimorphic_or_optimized_type_check action=maybe_recompile pc=0x00000000155b9e80 method=java.util.concurrent.ConcurrentHashMap.get(Ljava/lang/Object;)Ljava/lang/Object; @ 149 c2
Event: 5.149 Thread 0x0000000067172800 Uncommon trap: reason=unstable_if action=reinterpret pc=0x000000001559ebf4 method=java.lang.StringUTF16.compress([CII)[B @ 13 c2
Event: 5.225 Thread 0x0000000066b60800 Uncommon trap: reason=unstable_if action=reinterpret pc=0x00000000155ab580 method=java.lang.AbstractStringBuilder.putStringAt(ILjava/lang/String;)V @ 8 c2
Event: 5.225 Thread 0x0000000066b60800 Uncommon trap: reason=unstable_if action=reinterpret pc=0x0000000015588b50 method=java.lang.String.getBytes([BIB)V @ 5 c2
Event: 5.225 Thread 0x0000000066b60800 Uncommon trap: reason=unstable_if action=reinterpret pc=0x00000000155e4820 method=java.lang.AbstractStringBuilder.appendChars(Ljava/lang/CharSequence;II)V @ 4 c2
Event: 5.227 Thread 0x0000000066b60800 Uncommon trap: reason=unstable_if action=reinterpret pc=0x000000001559d1d0 method=java.lang.String.getChars(II[CI)V @ 23 c2
Event: 6.161 Thread 0x0000000066b60800 Uncommon trap: reason=unstable_if action=reinterpret pc=0x000000001559ffa0 method=java.io.WinNTFileSystem.resolve(Ljava/lang/String;Ljava/lang/String;)Ljava/lang/String; @ 156 c2

Classes redefined (0 events):
No events

Internal exceptions (10 events):
Event: 5.094 Thread 0x0000000067172800 Exception <a 'java/lang/NoSuchMethodError'{0x00000000c2808e08}: <clinit>> (0x00000000c2808e08) thrown at [t:/workspace/open/src/hotspot/share/prims/jni.cpp, line 1366]
Event: 5.111 Thread 0x0000000067172800 Exception <a 'java/lang/NoSuchMethodError'{0x00000000c2851328}: <clinit>> (0x00000000c2851328) thrown at [t:/workspace/open/src/hotspot/share/prims/jni.cpp, line 1366]
Event: 5.115 Thread 0x0000000067172800 Exception <a 'java/lang/NoSuchMethodError'{0x00000000c2876cc0}: <clinit>> (0x00000000c2876cc0) thrown at [t:/workspace/open/src/hotspot/share/prims/jni.cpp, line 1366]
Event: 5.131 Thread 0x0000000067172800 Exception <a 'java/lang/NoSuchMethodError'{0x00000000c288e618}: <clinit>> (0x00000000c288e618) thrown at [t:/workspace/open/src/hotspot/share/prims/jni.cpp, line 1366]
Event: 5.300 Thread 0x0000000066b60800 Exception <a 'java/lang/NoSuchMethodError'{0x00000000c27fc5a8}: method resolution failed> (0x00000000c27fc5a8) thrown at [t:/workspace/open/src/hotspot/share/prims/methodHandles.cpp, line 1226]
Event: 5.301 Thread 0x0000000066b60800 Exception <a 'java/lang/NoSuchMethodError'{0x00000000c260afe8}: method resolution failed> (0x00000000c260afe8) thrown at [t:/workspace/open/src/hotspot/share/prims/methodHandles.cpp, line 1226]
Event: 5.302 Thread 0x0000000066b60800 Exception <a 'java/lang/NoSuchMethodError'{0x00000000c260eaa8}: java.lang.invoke.DelegatingMethodHandle$Holder.reinvoke_L(Ljava/lang/Object;Ljava/lang/Object;Ljava/lang/Object;Ljava/lang/Object;)V> (0x00000000c260eaa8) thrown at [t:/workspace/open/src/hot
Event: 5.305 Thread 0x0000000066b60800 Exception <a 'java/lang/NoSuchMethodError'{0x00000000c2614c50}: java.lang.invoke.Invokers$Holder.invoker(Ljava/lang/Object;Ljava/lang/Object;Ljava/lang/Object;Ljava/lang/Object;)Ljava/lang/Object;> (0x00000000c2614c50) thrown at [t:/workspace/open/src/hot
Event: 5.764 Thread 0x0000000066b60800 Exception <a 'java/lang/NoSuchMethodError'{0x00000000c2f36598}: java.lang.invoke.DirectMethodHandle$Holder.invokeVirtual(Ljava/lang/Object;Ljava/lang/Object;Ljava/lang/Object;Ljava/lang/Object;)Ljava/lang/Object;> (0x00000000c2f36598) thrown at [t:/worksp
Event: 5.765 Thread 0x0000000066b60800 Exception <a 'java/lang/NoSuchMethodError'{0x00000000c2f3a0f0}: java.lang.invoke.DirectMethodHandle$Holder.invokeVirtual(Ljava/lang/Object;Ljava/lang/Object;Ljava/lang/Object;)Ljava/lang/Object;> (0x00000000c2f3a0f0) thrown at [t:/workspace/open/src/hotsp

Events (10 events):
Event: 6.642 loading class org/gradle/internal/ImmutableActionSet$SingletonSet done
Event: 6.642 loading class org/gradle/internal/ImmutableActionSet$CompositeSet
Event: 6.642 loading class org/gradle/internal/ImmutableActionSet$CompositeSet done
Event: 6.642 loading class org/gradle/internal/ImmutableActionSet$EmptySet
Event: 6.642 loading class org/gradle/internal/ImmutableActionSet$EmptySet done
Event: 6.643 loading class org/gradle/plugin/management/internal/DefaultPluginResolutionStrategy$1
Event: 6.643 loading class org/gradle/plugin/management/internal/DefaultPluginResolutionStrategy$1 done
Event: 6.643 loading class org/gradle/internal/classpath/DefaultCachedClasspathTransformer
Event: 6.643 loading class org/gradle/internal/classpath/DefaultCachedClasspathTransformer done
Event: 6.647 Executing VM operation: CollectForMetadataAllocation


Dynamic libraries:
0x000000013f810000 - 0x000000013f84e000 	C:\Program Files\Java\jdk-10.0.1\bin\java.exe
0x00000000773c0000 - 0x0000000077569000 	C:\Windows\SYSTEM32\ntdll.dll
0x0000000076f90000 - 0x00000000770af000 	C:\Windows\system32\kernel32.dll
0x000007fefda10000 - 0x000007fefda7b000 	C:\Windows\system32\KERNELBASE.dll
0x000007fefee60000 - 0x000007fefef3b000 	C:\Windows\system32\ADVAPI32.dll
0x000007feff5a0000 - 0x000007feff63f000 	C:\Windows\system32\msvcrt.dll
0x000007feff030000 - 0x000007feff04f000 	C:\Windows\SYSTEM32\sechost.dll
0x000007fefde20000 - 0x000007fefdf4d000 	C:\Windows\system32\RPCRT4.dll
0x00000000772c0000 - 0x00000000773ba000 	C:\Windows\system32\USER32.dll
0x000007fefefc0000 - 0x000007feff027000 	C:\Windows\system32\GDI32.dll
0x000007fefdbf0000 - 0x000007fefdbfe000 	C:\Windows\system32\LPK.dll
0x000007fefdd50000 - 0x000007fefde19000 	C:\Windows\system32\USP10.dll
0x000007fefc040000 - 0x000007fefc234000 	C:\Windows\WinSxS\amd64_microsoft.windows.common-controls_6595b64144ccf1df_6.0.7601.17514_none_fa396087175ac9ac\COMCTL32.dll
0x000007feff640000 - 0x000007feff6b1000 	C:\Windows\system32\SHLWAPI.dll
0x000007fefc8b0000 - 0x000007fefc8bc000 	C:\Windows\system32\VERSION.dll
0x000007feff340000 - 0x000007feff36e000 	C:\Windows\system32\IMM32.DLL
0x000007feff230000 - 0x000007feff339000 	C:\Windows\system32\MSCTF.dll
0x000007fee5770000 - 0x000007fee585f000 	C:\Program Files\Java\jdk-10.0.1\bin\msvcr120.dll
0x000007fee5d20000 - 0x000007fee5dc6000 	C:\Program Files\Java\jdk-10.0.1\bin\msvcp120.dll
0x0000000065e00000 - 0x0000000066870000 	C:\Program Files\Java\jdk-10.0.1\bin\server\jvm.dll
0x000007fefc020000 - 0x000007fefc029000 	C:\Windows\system32\WSOCK32.dll
0x000007fefdd00000 - 0x000007fefdd4d000 	C:\Windows\system32\WS2_32.dll
0x000007feff6c0000 - 0x000007feff6c8000 	C:\Windows\system32\NSI.dll
0x000007fefaf70000 - 0x000007fefafab000 	C:\Windows\system32\WINMM.dll
0x0000000077580000 - 0x0000000077587000 	C:\Windows\system32\PSAPI.DLL
0x000007fee7930000 - 0x000007fee793f000 	C:\Program Files\Java\jdk-10.0.1\bin\verify.dll
0x000007fef9510000 - 0x000007fef9635000 	C:\Windows\system32\DBGHELP.DLL
0x000007fee6420000 - 0x000007fee6447000 	C:\Program Files\Java\jdk-10.0.1\bin\java.dll
0x000007fee7040000 - 0x000007fee7056000 	C:\Program Files\Java\jdk-10.0.1\bin\zip.dll
0x000007fee7960000 - 0x000007fee796a000 	C:\Program Files\Java\jdk-10.0.1\bin\jimage.dll
0x000007fefe0d0000 - 0x000007fefee58000 	C:\Windows\system32\SHELL32.dll
0x000007feff390000 - 0x000007feff593000 	C:\Windows\system32\ole32.dll
0x000007fefd820000 - 0x000007fefd82f000 	C:\Windows\system32\profapi.dll
0x000007fee70b0000 - 0x000007fee70ca000 	C:\Program Files\Java\jdk-10.0.1\bin\net.dll
0x000007fef8e90000 - 0x000007fef8f01000 	C:\Windows\system32\WINHTTP.dll
0x000007fef8e20000 - 0x000007fef8e84000 	C:\Windows\system32\webio.dll
0x000007fefd050000 - 0x000007fefd0a5000 	C:\Windows\system32\mswsock.dll
0x000007fefd040000 - 0x000007fefd047000 	C:\Windows\System32\wship6.dll
0x000007fee5d00000 - 0x000007fee5d11000 	C:\Program Files\Java\jdk-10.0.1\bin\nio.dll
0x000007fee70d0000 - 0x000007fee70ee000 	C:\Users\PC\.gradle\native\25\windows-amd64\native-platform.dll
0x000007fee7030000 - 0x000007fee7039000 	C:\Program Files\Java\jdk-10.0.1\bin\management.dll
0x000007fee6410000 - 0x000007fee641a000 	C:\Program Files\Java\jdk-10.0.1\bin\management_ext.dll
0x000007fefd0b0000 - 0x000007fefd0c7000 	C:\Windows\system32\CRYPTSP.dll
0x000007fefcdb0000 - 0x000007fefcdf7000 	C:\Windows\system32\rsaenh.dll
0x000007fefcb70000 - 0x000007fefcb8e000 	C:\Windows\system32\USERENV.dll
0x000007fefd750000 - 0x000007fefd75f000 	C:\Windows\system32\CRYPTBASE.dll
0x000007fefaf40000 - 0x000007fefaf67000 	C:\Windows\system32\IPHLPAPI.DLL
0x000007fefaf30000 - 0x000007fefaf3b000 	C:\Windows\system32\WINNSI.DLL
0x000007fefa700000 - 0x000007fefa711000 	C:\Windows\system32\dhcpcsvc6.DLL
0x000007fefa210000 - 0x000007fefa228000 	C:\Windows\system32\dhcpcsvc.DLL

dbghelp: loaded successfully - version: 4.0.5 - missing functions: none
symbol engine: initialized successfully - sym options: 0x614 - pdb path: .;C:\Program Files\Java\jdk-10.0.1\bin;C:\Windows\SYSTEM32;C:\Windows\WinSxS\amd64_microsoft.windows.common-controls_6595b64144ccf1df_6.0.7601.17514_none_fa396087175ac9ac;C:\Program Files\Java\jdk-10.0.1\bin\server;C:\Users\PC\.gradle\native\25\windows-amd64

VM Arguments:
jvm_args: -XX:+HeapDumpOnOutOfMemoryError -Xmx1024m -Dfile.encoding=windows-1251 -Duser.country=RU -Duser.language=ru -Duser.variant 
java_command: org.gradle.launcher.daemon.bootstrap.GradleDaemon 4.7
java_class_path (initial): C:\Users\PC\.gradle\wrapper\dists\gradle-4.7-all\4cret0dgl5o3b21weaoncl7ys\gradle-4.7\lib\gradle-launcher-4.7.jar
Launcher Type: SUN_STANDARD

Logging:
Log output configuration:
#0: stdout all=warning uptime,level,tags
#1: stderr all=off uptime,level,tags

Environment Variables:
JAVA_HOME=C:\Program Files\Java\jdk-10.0.1\
PATH=C:\Program Files\Java\jdk-10.0.1\\bin;C:\Program Files (x86)\Common Files\Oracle\Java\javapath;C:\ProgramData\Oracle\Java\javapath;C:\Windows\system32;C:\Windows;C:\Windows\System32\Wbem;C:\Windows\System32\WindowsPowerShell\v1.0\;C:\corp2.client\vega\bin\;C:\Program Files (x86)\Skype\Phone\;C:\Program Files (x86)\NVIDIA Corporation\PhysX\Common;C:\Program Files\Git\cmd;F:\WebDrivers\
USERNAME=PC
OS=Windows_NT
PROCESSOR_IDENTIFIER=Intel64 Family 6 Model 30 Stepping 5, GenuineIntel



---------------  S Y S T E M  ---------------

OS: Windows 7 , 64 bit Build 7601 (6.1.7601.18015)

CPU:total 4 (initial active 4) (4 cores per cpu, 1 threads per core) family 6 model 30 stepping 5, cmov, cx8, fxsr, mmx, sse, sse2, sse3, ssse3, sse4.1, sse4.2, popcnt, tsc, tscinvbit

Memory: 4k page, physical 3700728k(838696k free), swap 3698864k(3776k free)

vm_info: Java HotSpot(TM) 64-Bit Server VM (10.0.1+10) for windows-amd64 JRE (10.0.1+10), built on Mar 27 2018 02:27:48 by "mach5one" with MS VC++ 12.0 (VS2013)

END.
