#
# There is insufficient memory for the Java Runtime Environment to continue.
# Native memory allocation (malloc) failed to allocate 626416 bytes for Chunk::new
# Possible reasons:
#   The system is out of physical RAM or swap space
#   The process is running with CompressedOops enabled, and the Java Heap may be blocking the growth of the native heap
# Possible solutions:
#   Reduce memory load on the system
#   Increase physical memory or swap space
#   Check if swap backing store is full
#   Decrease Java heap size (-Xmx/-Xms)
#   Decrease number of Java threads
#   Decrease Java thread stack sizes (-Xss)
#   Set larger code cache with -XX:ReservedCodeCacheSize=
#   JVM is running with Unscaled Compressed Oops mode in which the Java heap is
#     placed in the first 4GB address space. The Java Heap base address is the
#     maximum limit for the native heap growth. Please use -XX:HeapBaseMinAddress
#     to set the Java Heap base and to place the Java Heap above 4GB virtual address.
# This output file may be truncated or incomplete.
#
#  Out of Memory Error (t:/workspace/open/src/hotspot/share/memory/arena.cpp:198), pid=5428, tid=5520
#
# JRE version: Java(TM) SE Runtime Environment (10.0.1+10) (build 10.0.1+10)
# Java VM: Java HotSpot(TM) 64-Bit Server VM (10.0.1+10, mixed mode, tiered, compressed oops, g1 gc, windows-amd64)
# No core dump will be written. Minidumps are not enabled by default on client versions of Windows
#

---------------  S U M M A R Y ------------

Command Line: -XX:+HeapDumpOnOutOfMemoryError -Xmx1024m -Dfile.encoding=windows-1251 -Duser.country=RU -Duser.language=ru -Duser.variant org.gradle.launcher.daemon.bootstrap.GradleDaemon 4.7

Host: Intel(R) Core(TM) i5 CPU         760  @ 2.80GHz, 4 cores, 3G,  Windows 7 , 64 bit Build 7601 (6.1.7601.18015)
Time: Tue Aug 21 11:40:06 2018 Oeieyiaey (eaoi) elapsed time: 6 seconds (0d 0h 0m 6s)

---------------  T H R E A D  ---------------

Current thread (0x0000000063436800):  JavaThread "C2 CompilerThread0" daemon [_thread_in_native, id=5520, stack(0x0000000063d20000,0x0000000063e20000)]


Current CompileTask:
C2:   6658 1881   !   4       java.lang.ClassLoader::loadClass (122 bytes)

Stack: [0x0000000063d20000,0x0000000063e20000]
Native frames: (J=compiled Java code, j=interpreted, Vv=VM code, C=native code)
V  [jvm.dll+0x5a0369]
V  [jvm.dll+0x6bcf81]
V  [jvm.dll+0x6be176]
V  [jvm.dll+0x6be803]
V  [jvm.dll+0x234998]
V  [jvm.dll+0xbb92c]
V  [jvm.dll+0xbbe2c]
V  [jvm.dll+0x2a67b4]
V  [jvm.dll+0x4bf92a]
V  [jvm.dll+0x201899]
V  [jvm.dll+0x1feff1]
V  [jvm.dll+0x17ca6b]
V  [jvm.dll+0x20c81d]
V  [jvm.dll+0x20b5e6]
V  [jvm.dll+0x68bb6f]
V  [jvm.dll+0x59f680]
C  [msvcr120.dll+0x24f7f]
C  [msvcr120.dll+0x25126]
C  [kernel32.dll+0x1652d]
C  [ntdll.dll+0x2c541]


---------------  P R O C E S S  ---------------

Threads class SMR info:
_java_thread_list=0x0000000066e9d9a0, length=24, elements={
0x0000000000351000, 0x0000000022399000, 0x000000002239c000, 0x0000000063432800,
0x0000000063433800, 0x0000000063436800, 0x0000000063437000, 0x0000000063438000,
0x000000006343a800, 0x00000000643a3000, 0x00000000643a9800, 0x0000000065041000,
0x000000006540a000, 0x000000006540b000, 0x0000000066fa5800, 0x0000000066fa6800,
0x00000000670b5000, 0x000000006724c000, 0x000000006728c800, 0x00000000670b7000,
0x0000000064ee4000, 0x0000000064ee5000, 0x0000000064ee5800, 0x0000000064ee6800
}

Java Threads: ( => current thread )
  0x0000000000351000 JavaThread "main" [_thread_blocked, id=2464, stack(0x00000000022e0000,0x00000000023e0000)]
  0x0000000022399000 JavaThread "Reference Handler" daemon [_thread_blocked, id=5568, stack(0x0000000063670000,0x0000000063770000)]
  0x000000002239c000 JavaThread "Finalizer" daemon [_thread_blocked, id=5356, stack(0x0000000063860000,0x0000000063960000)]
  0x0000000063432800 JavaThread "Signal Dispatcher" daemon [_thread_blocked, id=3400, stack(0x0000000063b10000,0x0000000063c10000)]
  0x0000000063433800 JavaThread "Attach Listener" daemon [_thread_blocked, id=5528, stack(0x00000000639c0000,0x0000000063ac0000)]
=>0x0000000063436800 JavaThread "C2 CompilerThread0" daemon [_thread_in_native, id=5520, stack(0x0000000063d20000,0x0000000063e20000)]
  0x0000000063437000 JavaThread "C2 CompilerThread1" daemon [_thread_in_native, id=5380, stack(0x0000000063ef0000,0x0000000063ff0000)]
  0x0000000063438000 JavaThread "C1 CompilerThread2" daemon [_thread_blocked, id=4028, stack(0x0000000064090000,0x0000000064190000)]
  0x000000006343a800 JavaThread "Sweeper thread" daemon [_thread_blocked, id=4784, stack(0x0000000064230000,0x0000000064330000)]
  0x00000000643a3000 JavaThread "Service Thread" daemon [_thread_blocked, id=3528, stack(0x0000000064760000,0x0000000064860000)]
  0x00000000643a9800 JavaThread "Common-Cleaner" daemon [_thread_blocked, id=5216, stack(0x00000000649a0000,0x0000000064aa0000)]
  0x0000000065041000 JavaThread "Daemon health stats" [_thread_blocked, id=4664, stack(0x0000000065970000,0x0000000065a70000)]
  0x000000006540a000 JavaThread "Incoming local TCP Connector on port 51337" [_thread_in_native, id=5532, stack(0x00000000678f0000,0x00000000679f0000)]
  0x000000006540b000 JavaThread "Daemon periodic checks" [_thread_blocked, id=6016, stack(0x0000000067aa0000,0x0000000067ba0000)]
  0x0000000066fa5800 JavaThread "Daemon" [_thread_blocked, id=468, stack(0x0000000065cb0000,0x0000000065db0000)]
  0x0000000066fa6800 JavaThread "Handler for socket connection from /127.0.0.1:51337 to /127.0.0.1:51344" [_thread_in_native, id=5608, stack(0x0000000067ea0000,0x0000000067fa0000)]
  0x00000000670b5000 JavaThread "Cancel handler" [_thread_blocked, id=3876, stack(0x0000000067fa0000,0x00000000680a0000)]
  0x000000006724c000 JavaThread "Daemon worker" [_thread_in_vm, id=2440, stack(0x0000000064870000,0x0000000064970000)]
  0x000000006728c800 JavaThread "Asynchronous log dispatcher for DefaultDaemonConnection: socket connection from /127.0.0.1:51337 to /127.0.0.1:51344" [_thread_blocked, id=2364, stack(0x0000000068220000,0x0000000068320000)]
  0x00000000670b7000 JavaThread "Stdin handler" [_thread_blocked, id=5504, stack(0x0000000068340000,0x0000000068440000)]
  0x0000000064ee4000 JavaThread "Cache worker for file hash cache (C:\Users\PC\.gradle\caches\4.7\fileHashes)" [_thread_blocked, id=4036, stack(0x0000000068100000,0x0000000068200000)]
  0x0000000064ee5000 JavaThread "File lock request listener" [_thread_in_native, id=5864, stack(0x00000000686b0000,0x00000000687b0000)]
  0x0000000064ee5800 JavaThread "File lock release action executor" [_thread_blocked, id=5892, stack(0x00000000687d0000,0x00000000688d0000)]
  0x0000000064ee6800 JavaThread "Cache worker for file hash cache (F:\Projects\java_barancev\Sandbox\.gradle\4.7\fileHashes)" [_thread_blocked, id=5296, stack(0x0000000068970000,0x0000000068a70000)]

Other Threads:
  0x0000000022397000 VMThread "VM Thread" [stack: 0x0000000022420000,0x0000000022520000] [id=5288]
  0x000000006356e800 WatcherThread [stack: 0x0000000064b10000,0x0000000064c10000] [id=4812]
  0x0000000000368000 GCTaskThread "GC Thread#0" [stack: 0x000000001cca0000,0x000000001cda0000] [id=4924]
  0x0000000000369800 GCTaskThread "GC Thread#1" [stack: 0x000000001ce30000,0x000000001cf30000] [id=3384]
  0x000000000036c800 GCTaskThread "GC Thread#2" [stack: 0x000000001cf80000,0x000000001d080000] [id=832]
  0x0000000000372000 GCTaskThread "GC Thread#3" [stack: 0x000000001d110000,0x000000001d210000] [id=632]
  0x00000000003aa800 ConcurrentGCThread "G1 Main Marker" [stack: 0x000000001fbe0000,0x000000001fce0000] [id=5792]
  0x00000000003b4800 ConcurrentGCThread "G1 Conc#0" [stack: 0x000000001fd60000,0x000000001fe60000] [id=5192]
  0x00000000003df800 ConcurrentGCThread "G1 Refine#0" [stack: 0x0000000022540000,0x0000000022640000] [id=4592]
  0x00000000222c1800 ConcurrentGCThread "G1 Refine#1" [stack: 0x0000000022650000,0x0000000022750000] [id=5208]
  0x00000000222c2000 ConcurrentGCThread "G1 Refine#2" [stack: 0x00000000227a0000,0x00000000228a0000] [id=292]
  0x00000000222c2800 ConcurrentGCThread "G1 Refine#3" [stack: 0x0000000022960000,0x0000000022a60000] [id=3652]
  0x00000000222c6000 ConcurrentGCThread "G1 Young RemSet Sampling" [stack: 0x0000000022a70000,0x0000000022b70000] [id=4188]

Threads with active compile tasks:
C2 CompilerThread01881   !   4       java.lang.ClassLoader::loadClass (122 bytes)
C2 CompilerThread11885   !   4       java.util.concurrent.ConcurrentHashMap::putVal (432 bytes)

VM state:synchronizing (normal execution)

VM Mutex/Monitor currently owned by a thread:  ([mutex/lock_event])
[0x000000000034db00] Threads_lock - owner thread: 0x0000000022397000
[0x000000000034e0a0] Heap_lock - owner thread: 0x00000000003aa800

Heap address: 0x00000000c0000000, size: 1024 MB, Compressed Oops mode: 32-bit
Narrow klass base: 0x0000000000000000, Narrow klass shift: 0
Compressed class space size: 1073741824 Address: 0x0000000022b70000

Heap:
 garbage-first heap   total 59392K, used 14030K [0x00000000c0000000, 0x0000000100000000)
  region size 1024K, 4 young (4096K), 3 survivors (3072K)
 Metaspace       used 20824K, capacity 21256K, committed 21504K, reserved 1069056K
  class space    used 2559K, capacity 2711K, committed 2816K, reserved 1048576K
Heap Regions: E=young(eden), S=young(survivor), O=old, HS=humongous(starts), HC=humongous(continues), CS=collection set, F=free, A=archive, TS=gc time stamp, AC=allocation context, TAMS=top-at-mark-start (previous, next)
|   0|0x00000000c0000000, 0x00000000c0100000, 0x00000000c0100000|100%|HS|  |TS  0|AC  0|TAMS 0x00000000c0000000, 0x00000000c0100000|
|   1|0x00000000c0100000, 0x00000000c0200000, 0x00000000c0200000|100%|HC|  |TS  0|AC  0|TAMS 0x00000000c0100000, 0x00000000c0200000|
|   2|0x00000000c0200000, 0x00000000c0300000, 0x00000000c0300000|100%| O|  |TS  1|AC  0|TAMS 0x00000000c0200000, 0x00000000c0300000|
|   3|0x00000000c0300000, 0x00000000c0400000, 0x00000000c0400000|100%| O|  |TS  1|AC  0|TAMS 0x00000000c0300000, 0x00000000c0400000|
|   4|0x00000000c0400000, 0x00000000c0500000, 0x00000000c0500000|100%| O|  |TS  2|AC  0|TAMS 0x00000000c0400000, 0x00000000c0500000|
|   5|0x00000000c0500000, 0x00000000c0600000, 0x00000000c0600000|100%| O|  |TS  2|AC  0|TAMS 0x00000000c0500000, 0x00000000c0600000|
|   6|0x00000000c0600000, 0x00000000c0700000, 0x00000000c0700000|100%| O|  |TS  3|AC  0|TAMS 0x00000000c0600000, 0x00000000c0700000|
|   7|0x00000000c0700000, 0x00000000c0800000, 0x00000000c0800000|100%| O|  |TS  4|AC  0|TAMS 0x00000000c0700000, 0x00000000c0800000|
|   8|0x00000000c0800000, 0x00000000c0900000, 0x00000000c0900000|100%| O|  |TS  3|AC  0|TAMS 0x00000000c0800000, 0x00000000c0900000|
|   9|0x00000000c0900000, 0x00000000c0a00000, 0x00000000c0a00000|100%| O|  |TS  4|AC  0|TAMS 0x00000000c0900000, 0x00000000c0a00000|
|  10|0x00000000c0a00000, 0x00000000c0b00000, 0x00000000c0b00000|100%| O|  |TS  4|AC  0|TAMS 0x00000000c0a00000, 0x00000000c0b00000|
|  11|0x00000000c0b00000, 0x00000000c0b47600, 0x00000000c0c00000| 27%| O|  |TS  5|AC  0|TAMS 0x00000000c0b00000, 0x00000000c0b47600|
|  12|0x00000000c0c00000, 0x00000000c0c00000, 0x00000000c0d00000|  0%| F|  |TS  0|AC  0|TAMS 0x00000000c0c00000, 0x00000000c0c00000|
|  13|0x00000000c0d00000, 0x00000000c0d00000, 0x00000000c0e00000|  0%| F|  |TS  0|AC  0|TAMS 0x00000000c0d00000, 0x00000000c0d00000|
|  14|0x00000000c0e00000, 0x00000000c0e00000, 0x00000000c0f00000|  0%| F|  |TS  0|AC  0|TAMS 0x00000000c0e00000, 0x00000000c0e00000|
|  15|0x00000000c0f00000, 0x00000000c0f00000, 0x00000000c1000000|  0%| F|  |TS  0|AC  0|TAMS 0x00000000c0f00000, 0x00000000c0f00000|
|  16|0x00000000c1000000, 0x00000000c1000000, 0x00000000c1100000|  0%| F|  |TS  0|AC  0|TAMS 0x00000000c1000000, 0x00000000c1000000|
|  17|0x00000000c1100000, 0x00000000c1100000, 0x00000000c1200000|  0%| F|  |TS  0|AC  0|TAMS 0x00000000c1100000, 0x00000000c1100000|
|  18|0x00000000c1200000, 0x00000000c1200000, 0x00000000c1300000|  0%| F|  |TS  0|AC  0|TAMS 0x00000000c1200000, 0x00000000c1200000|
|  19|0x00000000c1300000, 0x00000000c1300000, 0x00000000c1400000|  0%| F|  |TS  0|AC  0|TAMS 0x00000000c1300000, 0x00000000c1300000|
|  20|0x00000000c1400000, 0x00000000c1400000, 0x00000000c1500000|  0%| F|  |TS  0|AC  0|TAMS 0x00000000c1400000, 0x00000000c1400000|
|  21|0x00000000c1500000, 0x00000000c1500000, 0x00000000c1600000|  0%| F|  |TS  0|AC  0|TAMS 0x00000000c1500000, 0x00000000c1500000|
|  22|0x00000000c1600000, 0x00000000c1600000, 0x00000000c1700000|  0%| F|  |TS  0|AC  0|TAMS 0x00000000c1600000, 0x00000000c1600000|
|  23|0x00000000c1700000, 0x00000000c1700000, 0x00000000c1800000|  0%| F|  |TS  0|AC  0|TAMS 0x00000000c1700000, 0x00000000c1700000|
|  24|0x00000000c1800000, 0x00000000c1800000, 0x00000000c1900000|  0%| F|  |TS  0|AC  0|TAMS 0x00000000c1800000, 0x00000000c1800000|
|  25|0x00000000c1900000, 0x00000000c1900000, 0x00000000c1a00000|  0%| F|  |TS  0|AC  0|TAMS 0x00000000c1900000, 0x00000000c1900000|
|  26|0x00000000c1a00000, 0x00000000c1a00000, 0x00000000c1b00000|  0%| F|  |TS  0|AC  0|TAMS 0x00000000c1a00000, 0x00000000c1a00000|
|  27|0x00000000c1b00000, 0x00000000c1b00000, 0x00000000c1c00000|  0%| F|  |TS  0|AC  0|TAMS 0x00000000c1b00000, 0x00000000c1b00000|
|  28|0x00000000c1c00000, 0x00000000c1c00000, 0x00000000c1d00000|  0%| F|  |TS  0|AC  0|TAMS 0x00000000c1c00000, 0x00000000c1c00000|
|  29|0x00000000c1d00000, 0x00000000c1d00000, 0x00000000c1e00000|  0%| F|  |TS  0|AC  0|TAMS 0x00000000c1d00000, 0x00000000c1d00000|
|  30|0x00000000c1e00000, 0x00000000c1e00000, 0x00000000c1f00000|  0%| F|  |TS  0|AC  0|TAMS 0x00000000c1e00000, 0x00000000c1e00000|
|  31|0x00000000c1f00000, 0x00000000c1f00000, 0x00000000c2000000|  0%| F|  |TS  4|AC  0|TAMS 0x00000000c1f00000, 0x00000000c1f00000|
|  32|0x00000000c2000000, 0x00000000c2000000, 0x00000000c2100000|  0%| F|  |TS  4|AC  0|TAMS 0x00000000c2000000, 0x00000000c2000000|
|  33|0x00000000c2100000, 0x00000000c216c598, 0x00000000c2200000| 42%| S|CS|TS  5|AC  0|TAMS 0x00000000c2100000, 0x00000000c2100000|
|  34|0x00000000c2200000, 0x00000000c2200000, 0x00000000c2300000|  0%| F|  |TS  5|AC  0|TAMS 0x00000000c2200000, 0x00000000c2200000|
|  35|0x00000000c2300000, 0x00000000c2300000, 0x00000000c2400000|  0%| F|  |TS  5|AC  0|TAMS 0x00000000c2300000, 0x00000000c2300000|
|  36|0x00000000c2400000, 0x00000000c2500000, 0x00000000c2500000|100%| S|CS|TS  5|AC  0|TAMS 0x00000000c2400000, 0x00000000c2400000|
|  37|0x00000000c2500000, 0x00000000c2600000, 0x00000000c2600000|100%| S|CS|TS  5|AC  0|TAMS 0x00000000c2500000, 0x00000000c2500000|
|  38|0x00000000c2600000, 0x00000000c2600000, 0x00000000c2700000|  0%| F|  |TS  5|AC  0|TAMS 0x00000000c2600000, 0x00000000c2600000|
|  39|0x00000000c2700000, 0x00000000c2700000, 0x00000000c2800000|  0%| F|  |TS  5|AC  0|TAMS 0x00000000c2700000, 0x00000000c2700000|
|  40|0x00000000c2800000, 0x00000000c2800000, 0x00000000c2900000|  0%| F|  |TS  5|AC  0|TAMS 0x00000000c2800000, 0x00000000c2800000|
|  41|0x00000000c2900000, 0x00000000c2900000, 0x00000000c2a00000|  0%| F|  |TS  5|AC  0|TAMS 0x00000000c2900000, 0x00000000c2900000|
|  42|0x00000000c2a00000, 0x00000000c2a00000, 0x00000000c2b00000|  0%| F|  |TS  5|AC  0|TAMS 0x00000000c2a00000, 0x00000000c2a00000|
|  43|0x00000000c2b00000, 0x00000000c2b00000, 0x00000000c2c00000|  0%| F|  |TS  5|AC  0|TAMS 0x00000000c2b00000, 0x00000000c2b00000|
|  44|0x00000000c2c00000, 0x00000000c2c00000, 0x00000000c2d00000|  0%| F|  |TS  5|AC  0|TAMS 0x00000000c2c00000, 0x00000000c2c00000|
|  45|0x00000000c2d00000, 0x00000000c2d00000, 0x00000000c2e00000|  0%| F|  |TS  5|AC  0|TAMS 0x00000000c2d00000, 0x00000000c2d00000|
|  46|0x00000000c2e00000, 0x00000000c2e00000, 0x00000000c2f00000|  0%| F|  |TS  5|AC  0|TAMS 0x00000000c2e00000, 0x00000000c2e00000|
|  47|0x00000000c2f00000, 0x00000000c2f00000, 0x00000000c3000000|  0%| F|  |TS  5|AC  0|TAMS 0x00000000c2f00000, 0x00000000c2f00000|
|  48|0x00000000c3000000, 0x00000000c3000000, 0x00000000c3100000|  0%| F|  |TS  5|AC  0|TAMS 0x00000000c3000000, 0x00000000c3000000|
|  49|0x00000000c3100000, 0x00000000c3100000, 0x00000000c3200000|  0%| F|  |TS  5|AC  0|TAMS 0x00000000c3100000, 0x00000000c3100000|
|  50|0x00000000c3200000, 0x00000000c3200000, 0x00000000c3300000|  0%| F|  |TS  5|AC  0|TAMS 0x00000000c3200000, 0x00000000c3200000|
|  51|0x00000000c3300000, 0x00000000c3300000, 0x00000000c3400000|  0%| F|  |TS  5|AC  0|TAMS 0x00000000c3300000, 0x00000000c3300000|
|  52|0x00000000c3400000, 0x00000000c3400000, 0x00000000c3500000|  0%| F|  |TS  5|AC  0|TAMS 0x00000000c3400000, 0x00000000c3400000|
|  53|0x00000000c3500000, 0x00000000c3500000, 0x00000000c3600000|  0%| F|  |TS  5|AC  0|TAMS 0x00000000c3500000, 0x00000000c3500000|
|  54|0x00000000c3600000, 0x00000000c3600000, 0x00000000c3700000|  0%| F|  |TS  5|AC  0|TAMS 0x00000000c3600000, 0x00000000c3600000|
|  55|0x00000000c3700000, 0x00000000c3700000, 0x00000000c3800000|  0%| F|  |TS  5|AC  0|TAMS 0x00000000c3700000, 0x00000000c3700000|
|  56|0x00000000c3800000, 0x00000000c3800000, 0x00000000c3900000|  0%| F|  |TS  5|AC  0|TAMS 0x00000000c3800000, 0x00000000c3800000|
|  57|0x00000000c3900000, 0x00000000c39eb158, 0x00000000c3a00000| 91%| E|  |TS  5|AC  0|TAMS 0x00000000c3900000, 0x00000000c3900000|

Card table byte_map: [0x000000001d740000,0x000000001d940000] byte_map_base: 0x000000001d140000

Marking Bits (Prev, Next): (CMBitMap*) 0x00000000003a9c30, (CMBitMap*) 0x00000000003a9c68
 Prev Bits: [0x000000001db40000, 0x000000001eb40000)
 Next Bits: [0x000000001eb40000, 0x000000001fb40000)

Polling page: 0x00000000000f0000

CodeHeap 'non-profiled nmethods': size=120064Kb used=713Kb max_used=713Kb free=119350Kb
 bounds [0x0000000015420000, 0x0000000015690000, 0x000000001c960000]
CodeHeap 'profiled nmethods': size=120000Kb used=3087Kb max_used=3087Kb free=116913Kb
 bounds [0x000000000def0000, 0x000000000e200000, 0x0000000015420000]
CodeHeap 'non-nmethods': size=5696Kb used=1091Kb max_used=1105Kb free=4605Kb
 bounds [0x000000000d960000, 0x000000000dbd0000, 0x000000000def0000]
 total_blobs=2797 nmethods=1681 adapters=351
 compilation: enabled

Compilation events (10 events):
Event: 6.474 Thread 0x0000000063438000 1879       3       org.objectweb.asm.SymbolTable::get (13 bytes)
Event: 6.474 Thread 0x0000000063438000 nmethod 1879 0x000000000dfc0610 code [0x000000000dfc07c0, 0x000000000dfc0950]
Event: 6.475 Thread 0x0000000063437000 nmethod 1878 0x00000000154d2f10 code [0x00000000154d30c0, 0x00000000154d32c8]
Event: 6.480 Thread 0x0000000063438000 1880       3       java.lang.String::getChars (54 bytes)
Event: 6.480 Thread 0x0000000063438000 nmethod 1880 0x000000000e033210 code [0x000000000e033420, 0x000000000e033938]
Event: 6.521 Thread 0x0000000063436800 1881   !   4       java.lang.ClassLoader::loadClass (122 bytes)
Event: 6.531 Thread 0x0000000063438000 1882   !   3       org.gradle.internal.service.DefaultServiceRegistry$ParentServices::getService (55 bytes)
Event: 6.532 Thread 0x0000000063438000 nmethod 1882 0x000000000e0af710 code [0x000000000e0af960, 0x000000000e0b0298]
Event: 6.532 Thread 0x0000000063438000 1883       3       org.gradle.internal.service.DefaultServiceRegistry::access$1900 (6 bytes)
Event: 6.532 Thread 0x0000000063438000 nmethod 1883 0x000000000dfe4810 code [0x000000000dfe49e0, 0x000000000dfe4c78]

GC Heap History (10 events):
Event: 1.302 GC heap before
{Heap before GC invocations=0 (full 0):
 garbage-first heap   total 59392K, used 16384K [0x00000000c0000000, 0x0000000100000000)
  region size 1024K, 14 young (14336K), 0 survivors (0K)
 Metaspace       used 9298K, capacity 9515K, committed 9728K, reserved 1058816K
  class space    used 929K, capacity 1002K, committed 1024K, reserved 1048576K
}
Event: 1.344 GC heap after
{Heap after GC invocations=1 (full 0):
 garbage-first heap   total 59392K, used 6660K [0x00000000c0000000, 0x0000000100000000)
  region size 1024K, 2 young (2048K), 2 survivors (2048K)
 Metaspace       used 9298K, capacity 9515K, committed 9728K, reserved 1058816K
  class space    used 929K, capacity 1002K, committed 1024K, reserved 1048576K
}
Event: 2.089 GC heap before
{Heap before GC invocations=1 (full 0):
 garbage-first heap   total 59392K, used 18948K [0x00000000c0000000, 0x0000000100000000)
  region size 1024K, 14 young (14336K), 2 survivors (2048K)
 Metaspace       used 10413K, capacity 10617K, committed 10880K, reserved 1058816K
  class space    used 1059K, capacity 1135K, committed 1152K, reserved 1048576K
}
Event: 2.093 GC heap after
{Heap after GC invocations=2 (full 0):
 garbage-first heap   total 59392K, used 6832K [0x00000000c0000000, 0x0000000100000000)
  region size 1024K, 1 young (1024K), 1 survivors (1024K)
 Metaspace       used 10413K, capacity 10617K, committed 10880K, reserved 1058816K
  class space    used 1059K, capacity 1135K, committed 1152K, reserved 1048576K
}
Event: 3.324 GC heap before
{Heap before GC invocations=2 (full 0):
 garbage-first heap   total 59392K, used 31408K [0x00000000c0000000, 0x0000000100000000)
  region size 1024K, 24 young (24576K), 1 survivors (1024K)
 Metaspace       used 12859K, capacity 13230K, committed 13312K, reserved 1060864K
  class space    used 1382K, capacity 1500K, committed 1536K, reserved 1048576K
}
Event: 3.346 GC heap after
{Heap after GC invocations=3 (full 0):
 garbage-first heap   total 59392K, used 11408K [0x00000000c0000000, 0x0000000100000000)
  region size 1024K, 3 young (3072K), 3 survivors (3072K)
 Metaspace       used 12859K, capacity 13230K, committed 13312K, reserved 1060864K
  class space    used 1382K, capacity 1500K, committed 1536K, reserved 1048576K
}
Event: 5.711 GC heap before
{Heap before GC invocations=3 (full 0):
 garbage-first heap   total 59392K, used 33936K [0x00000000c0000000, 0x0000000100000000)
  region size 1024K, 25 young (25600K), 3 survivors (3072K)
 Metaspace       used 17817K, capacity 18243K, committed 18432K, reserved 1064960K
  class space    used 2095K, capacity 2261K, committed 2304K, reserved 1048576K
}
Event: 5.717 GC heap after
{Heap after GC invocations=4 (full 0):
 garbage-first heap   total 59392K, used 13079K [0x00000000c0000000, 0x0000000100000000)
  region size 1024K, 2 young (2048K), 2 survivors (2048K)
 Metaspace       used 17817K, capacity 18243K, committed 18432K, reserved 1064960K
  class space    used 2095K, capacity 2261K, committed 2304K, reserved 1048576K
}
Event: 6.613 GC heap before
{Heap before GC invocations=4 (full 0):
 garbage-first heap   total 59392K, used 32535K [0x00000000c0000000, 0x0000000100000000)
  region size 1024K, 22 young (22528K), 2 survivors (2048K)
 Metaspace       used 20742K, capacity 21128K, committed 21248K, reserved 1067008K
  class space    used 2544K, capacity 2711K, committed 2816K, reserved 1048576K
}
Event: 6.621 GC heap after
{Heap after GC invocations=5 (full 0):
 garbage-first heap   total 59392K, used 14030K [0x00000000c0000000, 0x0000000100000000)
  region size 1024K, 3 young (3072K), 3 survivors (3072K)
 Metaspace       used 20742K, capacity 21128K, committed 21248K, reserved 1067008K
  class space    used 2544K, capacity 2711K, committed 2816K, reserved 1048576K
}

Deoptimization events (10 events):
Event: 4.045 Thread 0x0000000000351000 Uncommon trap: reason=unstable_if action=reinterpret pc=0x0000000015471a0c method=java.lang.String.substring(I)Ljava/lang/String; @ 43 c2
Event: 4.856 Thread 0x0000000000351000 Uncommon trap: reason=unstable_if action=reinterpret pc=0x0000000015444c5c method=java.lang.StringCoding.hasNegatives([BII)Z @ 12 c2
Event: 4.856 Thread 0x0000000000351000 Uncommon trap: reason=unstable_if action=reinterpret pc=0x00000000154343ac method=java.lang.StringUTF16.compress([CI[BII)I @ 20 c2
Event: 5.062 Thread 0x0000000066fa6800 Uncommon trap: reason=unstable_if action=reinterpret pc=0x00000000154a1e1c method=java.util.concurrent.ConcurrentHashMap.putVal(Ljava/lang/Object;Ljava/lang/Object;Z)Ljava/lang/Object; @ 231 c2
Event: 5.154 Thread 0x0000000066fa6800 Uncommon trap: reason=unstable_if action=reinterpret pc=0x000000001546ca74 method=java.lang.StringUTF16.compress([CII)[B @ 13 c2
Event: 5.205 Thread 0x000000006724c000 Uncommon trap: reason=unstable_if action=reinterpret pc=0x0000000015478500 method=java.lang.AbstractStringBuilder.putStringAt(ILjava/lang/String;)V @ 8 c2
Event: 5.205 Thread 0x000000006724c000 Uncommon trap: reason=unstable_if action=reinterpret pc=0x0000000015477350 method=java.lang.String.getBytes([BIB)V @ 5 c2
Event: 5.205 Thread 0x000000006724c000 Uncommon trap: reason=unstable_if action=reinterpret pc=0x00000000154ae4a8 method=java.lang.AbstractStringBuilder.appendChars(Ljava/lang/CharSequence;II)V @ 4 c2
Event: 5.206 Thread 0x000000006724c000 Uncommon trap: reason=unstable_if action=reinterpret pc=0x000000001546a9d0 method=java.lang.String.getChars(II[CI)V @ 23 c2
Event: 6.079 Thread 0x000000006724c000 Uncommon trap: reason=unstable_if action=reinterpret pc=0x000000001546e120 method=java.io.WinNTFileSystem.resolve(Ljava/lang/String;Ljava/lang/String;)Ljava/lang/String; @ 156 c2

Classes redefined (0 events):
No events

Internal exceptions (10 events):
Event: 5.090 Thread 0x0000000066fa6800 Exception <a 'java/lang/NoSuchMethodError'{0x00000000c31d50e0}: <clinit>> (0x00000000c31d50e0) thrown at [t:/workspace/open/src/hotspot/share/prims/jni.cpp, line 1366]
Event: 5.113 Thread 0x0000000066fa6800 Exception <a 'java/lang/NoSuchMethodError'{0x00000000c301dad8}: <clinit>> (0x00000000c301dad8) thrown at [t:/workspace/open/src/hotspot/share/prims/jni.cpp, line 1366]
Event: 5.117 Thread 0x0000000066fa6800 Exception <a 'java/lang/NoSuchMethodError'{0x00000000c3043410}: <clinit>> (0x00000000c3043410) thrown at [t:/workspace/open/src/hotspot/share/prims/jni.cpp, line 1366]
Event: 5.142 Thread 0x0000000066fa6800 Exception <a 'java/lang/NoSuchMethodError'{0x00000000c305ad68}: <clinit>> (0x00000000c305ad68) thrown at [t:/workspace/open/src/hotspot/share/prims/jni.cpp, line 1366]
Event: 5.310 Thread 0x000000006724c000 Exception <a 'java/lang/NoSuchMethodError'{0x00000000c2ffe808}: method resolution failed> (0x00000000c2ffe808) thrown at [t:/workspace/open/src/hotspot/share/prims/methodHandles.cpp, line 1226]
Event: 5.311 Thread 0x000000006724c000 Exception <a 'java/lang/NoSuchMethodError'{0x00000000c2e0d310}: method resolution failed> (0x00000000c2e0d310) thrown at [t:/workspace/open/src/hotspot/share/prims/methodHandles.cpp, line 1226]
Event: 5.313 Thread 0x000000006724c000 Exception <a 'java/lang/NoSuchMethodError'{0x00000000c2e10dd0}: java.lang.invoke.DelegatingMethodHandle$Holder.reinvoke_L(Ljava/lang/Object;Ljava/lang/Object;Ljava/lang/Object;Ljava/lang/Object;)V> (0x00000000c2e10dd0) thrown at [t:/workspace/open/src/hot
Event: 5.315 Thread 0x000000006724c000 Exception <a 'java/lang/NoSuchMethodError'{0x00000000c2e16f78}: java.lang.invoke.Invokers$Holder.invoker(Ljava/lang/Object;Ljava/lang/Object;Ljava/lang/Object;Ljava/lang/Object;)Ljava/lang/Object;> (0x00000000c2e16f78) thrown at [t:/workspace/open/src/hot
Event: 5.771 Thread 0x000000006724c000 Exception <a 'java/lang/NoSuchMethodError'{0x00000000c38258b8}: java.lang.invoke.DirectMethodHandle$Holder.invokeVirtual(Ljava/lang/Object;Ljava/lang/Object;Ljava/lang/Object;)Ljava/lang/Object;> (0x00000000c38258b8) thrown at [t:/workspace/open/src/hotsp
Event: 5.774 Thread 0x000000006724c000 Exception <a 'java/lang/NoSuchMethodError'{0x00000000c3828fa8}: java.lang.invoke.DirectMethodHandle$Holder.invokeVirtual(Ljava/lang/Object;Ljava/lang/Object;Ljava/lang/Object;Ljava/lang/Object;)Ljava/lang/Object;> (0x00000000c3828fa8) thrown at [t:/worksp

Events (10 events):
Event: 6.624 loading class org/apache/http/HttpEntity
Event: 6.624 loading class org/apache/http/HttpEntity done
Event: 6.624 loading class org/apache/http/client/methods/HttpPut
Event: 6.624 loading class org/apache/http/client/methods/HttpPut done
Event: 6.624 loading class org/apache/http/client/methods/HttpEntityEnclosingRequestBase
Event: 6.624 loading class org/apache/http/client/methods/HttpEntityEnclosingRequestBase done
Event: 6.625 loading class org/apache/http/HttpEntityEnclosingRequest
Event: 6.625 loading class org/apache/http/HttpEntityEnclosingRequest done
Event: 6.625 loading class org/gradle/internal/resource/transfer/DefaultExternalResourceConnector
Event: 6.625 loading class org/gradle/internal/resource/transfer/DefaultExternalResourceConnector done


Dynamic libraries:
0x000000013f810000 - 0x000000013f84e000 	C:\Program Files\Java\jdk-10.0.1\bin\java.exe
0x00000000773c0000 - 0x0000000077569000 	C:\Windows\SYSTEM32\ntdll.dll
0x0000000076f90000 - 0x00000000770af000 	C:\Windows\system32\kernel32.dll
0x000007fefda10000 - 0x000007fefda7b000 	C:\Windows\system32\KERNELBASE.dll
0x000007fefee60000 - 0x000007fefef3b000 	C:\Windows\system32\ADVAPI32.dll
0x000007feff5a0000 - 0x000007feff63f000 	C:\Windows\system32\msvcrt.dll
0x000007feff030000 - 0x000007feff04f000 	C:\Windows\SYSTEM32\sechost.dll
0x000007fefde20000 - 0x000007fefdf4d000 	C:\Windows\system32\RPCRT4.dll
0x00000000772c0000 - 0x00000000773ba000 	C:\Windows\system32\USER32.dll
0x000007fefefc0000 - 0x000007feff027000 	C:\Windows\system32\GDI32.dll
0x000007fefdbf0000 - 0x000007fefdbfe000 	C:\Windows\system32\LPK.dll
0x000007fefdd50000 - 0x000007fefde19000 	C:\Windows\system32\USP10.dll
0x000007fefc040000 - 0x000007fefc234000 	C:\Windows\WinSxS\amd64_microsoft.windows.common-controls_6595b64144ccf1df_6.0.7601.17514_none_fa396087175ac9ac\COMCTL32.dll
0x000007feff640000 - 0x000007feff6b1000 	C:\Windows\system32\SHLWAPI.dll
0x000007fefc8b0000 - 0x000007fefc8bc000 	C:\Windows\system32\VERSION.dll
0x000007feff340000 - 0x000007feff36e000 	C:\Windows\system32\IMM32.DLL
0x000007feff230000 - 0x000007feff339000 	C:\Windows\system32\MSCTF.dll
0x000007fee5770000 - 0x000007fee585f000 	C:\Program Files\Java\jdk-10.0.1\bin\msvcr120.dll
0x000007fee5d20000 - 0x000007fee5dc6000 	C:\Program Files\Java\jdk-10.0.1\bin\msvcp120.dll
0x0000000065e00000 - 0x0000000066870000 	C:\Program Files\Java\jdk-10.0.1\bin\server\jvm.dll
0x000007fefc020000 - 0x000007fefc029000 	C:\Windows\system32\WSOCK32.dll
0x000007fefdd00000 - 0x000007fefdd4d000 	C:\Windows\system32\WS2_32.dll
0x000007feff6c0000 - 0x000007feff6c8000 	C:\Windows\system32\NSI.dll
0x000007fefaf70000 - 0x000007fefafab000 	C:\Windows\system32\WINMM.dll
0x0000000077580000 - 0x0000000077587000 	C:\Windows\system32\PSAPI.DLL
0x000007fee7930000 - 0x000007fee793f000 	C:\Program Files\Java\jdk-10.0.1\bin\verify.dll
0x000007fef9510000 - 0x000007fef9635000 	C:\Windows\system32\DBGHELP.DLL
0x000007fee6420000 - 0x000007fee6447000 	C:\Program Files\Java\jdk-10.0.1\bin\java.dll
0x000007fee7040000 - 0x000007fee7056000 	C:\Program Files\Java\jdk-10.0.1\bin\zip.dll
0x000007fee7960000 - 0x000007fee796a000 	C:\Program Files\Java\jdk-10.0.1\bin\jimage.dll
0x000007fefe0d0000 - 0x000007fefee58000 	C:\Windows\system32\SHELL32.dll
0x000007feff390000 - 0x000007feff593000 	C:\Windows\system32\ole32.dll
0x000007fefd820000 - 0x000007fefd82f000 	C:\Windows\system32\profapi.dll
0x000007fee70b0000 - 0x000007fee70ca000 	C:\Program Files\Java\jdk-10.0.1\bin\net.dll
0x000007fef8e90000 - 0x000007fef8f01000 	C:\Windows\system32\WINHTTP.dll
0x000007fef8e20000 - 0x000007fef8e84000 	C:\Windows\system32\webio.dll
0x000007fefd050000 - 0x000007fefd0a5000 	C:\Windows\system32\mswsock.dll
0x000007fefd040000 - 0x000007fefd047000 	C:\Windows\System32\wship6.dll
0x000007fee5d00000 - 0x000007fee5d11000 	C:\Program Files\Java\jdk-10.0.1\bin\nio.dll
0x000007fee70d0000 - 0x000007fee70ee000 	C:\Users\PC\.gradle\native\25\windows-amd64\native-platform.dll
0x000007fee7030000 - 0x000007fee7039000 	C:\Program Files\Java\jdk-10.0.1\bin\management.dll
0x000007fee6410000 - 0x000007fee641a000 	C:\Program Files\Java\jdk-10.0.1\bin\management_ext.dll
0x000007fefd0b0000 - 0x000007fefd0c7000 	C:\Windows\system32\CRYPTSP.dll
0x000007fefcdb0000 - 0x000007fefcdf7000 	C:\Windows\system32\rsaenh.dll
0x000007fefcb70000 - 0x000007fefcb8e000 	C:\Windows\system32\USERENV.dll
0x000007fefd750000 - 0x000007fefd75f000 	C:\Windows\system32\CRYPTBASE.dll
0x000007fefaf40000 - 0x000007fefaf67000 	C:\Windows\system32\IPHLPAPI.DLL
0x000007fefaf30000 - 0x000007fefaf3b000 	C:\Windows\system32\WINNSI.DLL
0x000007fefa700000 - 0x000007fefa711000 	C:\Windows\system32\dhcpcsvc6.DLL
0x000007fefa210000 - 0x000007fefa228000 	C:\Windows\system32\dhcpcsvc.DLL

dbghelp: loaded successfully - version: 4.0.5 - missing functions: none
symbol engine: initialized successfully - sym options: 0x614 - pdb path: .;C:\Program Files\Java\jdk-10.0.1\bin;C:\Windows\SYSTEM32;C:\Windows\WinSxS\amd64_microsoft.windows.common-controls_6595b64144ccf1df_6.0.7601.17514_none_fa396087175ac9ac;C:\Program Files\Java\jdk-10.0.1\bin\server;C:\Users\PC\.gradle\native\25\windows-amd64

VM Arguments:
jvm_args: -XX:+HeapDumpOnOutOfMemoryError -Xmx1024m -Dfile.encoding=windows-1251 -Duser.country=RU -Duser.language=ru -Duser.variant 
java_command: org.gradle.launcher.daemon.bootstrap.GradleDaemon 4.7
java_class_path (initial): C:\Users\PC\.gradle\wrapper\dists\gradle-4.7-all\4cret0dgl5o3b21weaoncl7ys\gradle-4.7\lib\gradle-launcher-4.7.jar
Launcher Type: SUN_STANDARD

Logging:
Log output configuration:
#0: stdout all=warning uptime,level,tags
#1: stderr all=off uptime,level,tags

Environment Variables:
JAVA_HOME=C:\Program Files\Java\jdk-10.0.1\
PATH=C:\Program Files\Java\jdk-10.0.1\\bin;C:\Program Files (x86)\Common Files\Oracle\Java\javapath;C:\ProgramData\Oracle\Java\javapath;C:\Windows\system32;C:\Windows;C:\Windows\System32\Wbem;C:\Windows\System32\WindowsPowerShell\v1.0\;C:\corp2.client\vega\bin\;C:\Program Files (x86)\Skype\Phone\;C:\Program Files (x86)\NVIDIA Corporation\PhysX\Common;C:\Program Files\Git\cmd;F:\WebDrivers\
USERNAME=PC
OS=Windows_NT
PROCESSOR_IDENTIFIER=Intel64 Family 6 Model 30 Stepping 5, GenuineIntel



---------------  S Y S T E M  ---------------

OS: Windows 7 , 64 bit Build 7601 (6.1.7601.18015)

CPU:total 4 (initial active 4) (4 cores per cpu, 1 threads per core) family 6 model 30 stepping 5, cmov, cx8, fxsr, mmx, sse, sse2, sse3, ssse3, sse4.1, sse4.2, popcnt, tsc, tscinvbit

Memory: 4k page, physical 3700728k(1073516k free), swap 3698864k(347736k free)

vm_info: Java HotSpot(TM) 64-Bit Server VM (10.0.1+10) for windows-amd64 JRE (10.0.1+10), built on Mar 27 2018 02:27:48 by "mach5one" with MS VC++ 12.0 (VS2013)

END.
