#
# There is insufficient memory for the Java Runtime Environment to continue.
# Native memory allocation (malloc) failed to allocate 1048576 bytes for AllocateHeap
# Possible reasons:
#   The system is out of physical RAM or swap space
#   The process is running with CompressedOops enabled, and the Java Heap may be blocking the growth of the native heap
# Possible solutions:
#   Reduce memory load on the system
#   Increase physical memory or swap space
#   Check if swap backing store is full
#   Decrease Java heap size (-Xmx/-Xms)
#   Decrease number of Java threads
#   Decrease Java thread stack sizes (-Xss)
#   Set larger code cache with -XX:ReservedCodeCacheSize=
#   JVM is running with Unscaled Compressed Oops mode in which the Java heap is
#     placed in the first 4GB address space. The Java Heap base address is the
#     maximum limit for the native heap growth. Please use -XX:HeapBaseMinAddress
#     to set the Java Heap base and to place the Java Heap above 4GB virtual address.
# This output file may be truncated or incomplete.
#
#  Out of Memory Error (memory/allocation.inline.hpp:63), pid=5252, tid=6008
#
# JRE version: Java(TM) SE Runtime Environment (10.0.1+10) (build 10.0.1+10)
# Java VM: Java HotSpot(TM) 64-Bit Server VM (10.0.1+10, mixed mode, tiered, compressed oops, g1 gc, windows-amd64)
# No core dump will be written. Minidumps are not enabled by default on client versions of Windows
#

---------------  S U M M A R Y ------------

Command Line: -XX:+HeapDumpOnOutOfMemoryError -Xmx1024m -Dfile.encoding=windows-1251 -Duser.country=RU -Duser.language=ru -Duser.variant org.gradle.launcher.daemon.bootstrap.GradleDaemon 4.7

Host: Intel(R) Core(TM) i5 CPU         760  @ 2.80GHz, 4 cores, 3G,  Windows 7 , 64 bit Build 7601 (6.1.7601.18015)
Time: Tue Aug 21 11:40:06 2018 Oeieyiaey (eaoi) elapsed time: 6 seconds (0d 0h 0m 6s)

---------------  T H R E A D  ---------------

Current thread (0x00000000222e4000):  VMThread "VM Thread" [stack: 0x0000000063470000,0x0000000063570000] [id=6008]

Stack: [0x0000000063470000,0x0000000063570000]
[error occurred during error reporting (printing stack bounds), id 0xe0000001]

Native frames: (J=compiled Java code, j=interpreted, Vv=VM code, C=native code)
V  [jvm.dll+0x5a0369]
V  [jvm.dll+0x6bcf81]
V  [jvm.dll+0x6be176]
V  [jvm.dll+0x6be765]
V  [jvm.dll+0x6be71b]
V  [jvm.dll+0x59fb63]
V  [jvm.dll+0x59ff68]
C  [ntdll.dll+0x29d2d]
C  [ntdll.dll+0x191cf]
C  [ntdll.dll+0x51248]
C  0x000000000dac0ea7

VM_Operation (0x0000000063f66fa0): CollectForMetadataAllocation, mode: safepoint, requested by thread 0x0000000064f1b000


---------------  P R O C E S S  ---------------

Threads class SMR info:
_java_thread_list=0x00000000650bc730, length=23, elements={
0x00000000002d1000, 0x00000000222ef800, 0x00000000222f2800, 0x000000006331c000,
0x000000006331d800, 0x0000000063320800, 0x0000000063378000, 0x0000000063378800,
0x000000006337b800, 0x0000000064584000, 0x000000006458a800, 0x0000000066d72800,
0x0000000066e65800, 0x0000000066e66800, 0x0000000066f79000, 0x000000006720f000,
0x00000000672ff800, 0x0000000064f1b000, 0x0000000063366000, 0x00000000672f9000,
0x000000006510b000, 0x000000006510c000, 0x000000006510d000
}

Java Threads: ( => current thread )
  0x00000000002d1000 JavaThread "main" [_thread_blocked, id=5396, stack(0x0000000002200000,0x0000000002300000)]
  0x00000000222ef800 JavaThread "Reference Handler" daemon [_thread_blocked, id=5964, stack(0x0000000063620000,0x0000000063720000)]
  0x00000000222f2800 JavaThread "Finalizer" daemon [_thread_blocked, id=6004, stack(0x0000000063830000,0x0000000063930000)]
  0x000000006331c000 JavaThread "Signal Dispatcher" daemon [_thread_blocked, id=3868, stack(0x00000000639a0000,0x0000000063aa0000)]
  0x000000006331d800 JavaThread "Attach Listener" daemon [_thread_blocked, id=2496, stack(0x0000000063b60000,0x0000000063c60000)]
  0x0000000063320800 JavaThread "C2 CompilerThread0" daemon [_thread_blocked, id=3320, stack(0x0000000063d70000,0x0000000063e70000)]
  0x0000000063378000 JavaThread "C2 CompilerThread1" daemon [_thread_blocked, id=2132, stack(0x0000000063f80000,0x0000000064080000)]
  0x0000000063378800 JavaThread "C1 CompilerThread2" daemon [_thread_blocked, id=6124, stack(0x0000000064160000,0x0000000064260000)]
  0x000000006337b800 JavaThread "Sweeper thread" daemon [_thread_blocked, id=5464, stack(0x00000000643e0000,0x00000000644e0000)]
  0x0000000064584000 JavaThread "Service Thread" daemon [_thread_blocked, id=3168, stack(0x0000000064900000,0x0000000064a00000)]
  0x000000006458a800 JavaThread "Common-Cleaner" daemon [_thread_blocked, id=5024, stack(0x00000000642e0000,0x00000000643e0000)]
  0x0000000066d72800 JavaThread "Daemon health stats" [_thread_blocked, id=1324, stack(0x0000000063c60000,0x0000000063d60000)]
  0x0000000066e65800 JavaThread "Incoming local TCP Connector on port 51338" [_thread_in_native, id=5004, stack(0x0000000065ce0000,0x0000000065de0000)]
  0x0000000066e66800 JavaThread "Daemon periodic checks" [_thread_blocked, id=5908, stack(0x0000000067880000,0x0000000067980000)]
  0x0000000066f79000 JavaThread "Daemon" [_thread_blocked, id=1648, stack(0x0000000067c70000,0x0000000067d70000)]
  0x000000006720f000 JavaThread "Handler for socket connection from /127.0.0.1:51338 to /127.0.0.1:51342" [_thread_in_native, id=284, stack(0x0000000067ec0000,0x0000000067fc0000)]
  0x00000000672ff800 JavaThread "Cancel handler" [_thread_blocked, id=3748, stack(0x0000000067d80000,0x0000000067e80000)]
  0x0000000064f1b000 JavaThread "Daemon worker" [_thread_blocked, id=4672, stack(0x0000000063e70000,0x0000000063f70000)]
  0x0000000063366000 JavaThread "Asynchronous log dispatcher for DefaultDaemonConnection: socket connection from /127.0.0.1:51338 to /127.0.0.1:51342" [_thread_blocked, id=4552, stack(0x0000000068130000,0x0000000068230000)]
  0x00000000672f9000 JavaThread "Stdin handler" [_thread_blocked, id=1220, stack(0x0000000068280000,0x0000000068380000)]
  0x000000006510b000 JavaThread "Cache worker for file hash cache (C:\Users\PC\.gradle\caches\4.7\fileHashes)" [_thread_blocked, id=1484, stack(0x00000000685d0000,0x00000000686d0000)]
  0x000000006510c000 JavaThread "File lock request listener" [_thread_in_native, id=4176, stack(0x0000000063720000,0x0000000063820000)]
  0x000000006510d000 JavaThread "Cache worker for file hash cache (F:\Projects\java_barancev\google-search\.gradle\4.7\fileHashes)" [_thread_blocked, id=3940, stack(0x0000000067ff0000,0x00000000680f0000)]

Other Threads:
=>0x00000000222e4000 VMThread "VM Thread" [stack: 0x0000000063470000,0x0000000063570000] [id=6008]
  0x000000006458b000 WatcherThread [stack: 0x0000000064ac0000,0x0000000064bc0000] [id=5408]
  0x00000000002e8000 GCTaskThread "GC Thread#0" [stack: 0x000000001cce0000,0x000000001cde0000] [id=4040]
  0x00000000002e9800 GCTaskThread "GC Thread#1" [stack: 0x000000001cf70000,0x000000001d070000] [id=2460]
  0x00000000002ec800 GCTaskThread "GC Thread#2" [stack: 0x000000001d0e0000,0x000000001d1e0000] [id=6116]
  0x00000000002f2000 GCTaskThread "GC Thread#3" [stack: 0x000000001cbc0000,0x000000001ccc0000] [id=6092]
  0x000000000032a000 ConcurrentGCThread "G1 Main Marker" [stack: 0x000000001fc60000,0x000000001fd60000] [id=4172]
  0x000000000032c000 ConcurrentGCThread "G1 Conc#0" [stack: 0x000000001fdd0000,0x000000001fed0000] [id=5104]
  0x000000000035a800 ConcurrentGCThread "G1 Refine#0" [stack: 0x0000000022330000,0x0000000022430000] [id=4524]
  0x000000000035d000 ConcurrentGCThread "G1 Refine#1" [stack: 0x0000000022520000,0x0000000022620000] [id=4264]
  0x000000000035e000 ConcurrentGCThread "G1 Refine#2" [stack: 0x00000000226f0000,0x00000000227f0000] [id=5620]
  0x000000000035f000 ConcurrentGCThread "G1 Refine#3" [stack: 0x0000000022960000,0x0000000022a60000] [id=1356]
  0x0000000022211800 ConcurrentGCThread "G1 Young RemSet Sampling" [stack: 0x0000000022850000,0x0000000022950000] [id=4052]

Threads with active compile tasks:

VM state:at safepoint (normal execution)

VM Mutex/Monitor currently owned by a thread:  ([mutex/lock_event])
[0x00000000002cdb00] Threads_lock - owner thread: 0x00000000222e4000
[0x00000000002ce0a0] Heap_lock - owner thread: 0x0000000064f1b000

Heap address: 0x00000000c0000000, size: 1024 MB, Compressed Oops mode: 32-bit
Narrow klass base: 0x0000000000000000, Narrow klass shift: 0
Compressed class space size: 1073741824 Address: 0x0000000022a60000

Heap:
 garbage-first heap   total 59392K, used 13798K [0x00000000c0000000, 0x0000000100000000)
  region size 1024K, 3 young (3072K), 3 survivors (3072K)
 Metaspace       used 19532K, capacity 19880K, committed 19968K, reserved 1073152K
  class space    used 2353K, capacity 2487K, committed 2560K, reserved 1048576K
Heap Regions: E=young(eden), S=young(survivor), O=old, HS=humongous(starts), HC=humongous(continues), CS=collection set, F=free, A=archive, TS=gc time stamp, AC=allocation context, TAMS=top-at-mark-start (previous, next)
|   0|0x00000000c0000000, 0x00000000c0100000, 0x00000000c0100000|100%|HS|  |TS  0|AC  0|TAMS 0x00000000c0000000, 0x00000000c0100000|
|   1|0x00000000c0100000, 0x00000000c0200000, 0x00000000c0200000|100%|HC|  |TS  0|AC  0|TAMS 0x00000000c0100000, 0x00000000c0200000|
|   2|0x00000000c0200000, 0x00000000c0300000, 0x00000000c0300000|100%| O|  |TS  1|AC  0|TAMS 0x00000000c0200000, 0x00000000c0300000|
|   3|0x00000000c0300000, 0x00000000c0400000, 0x00000000c0400000|100%| O|  |TS  1|AC  0|TAMS 0x00000000c0300000, 0x00000000c0400000|
|   4|0x00000000c0400000, 0x00000000c0500000, 0x00000000c0500000|100%| O|  |TS  2|AC  0|TAMS 0x00000000c0400000, 0x00000000c0500000|
|   5|0x00000000c0500000, 0x00000000c0600000, 0x00000000c0600000|100%| O|  |TS  3|AC  0|TAMS 0x00000000c0500000, 0x00000000c0600000|
|   6|0x00000000c0600000, 0x00000000c0700000, 0x00000000c0700000|100%| O|  |TS  2|AC  0|TAMS 0x00000000c0600000, 0x00000000c0700000|
|   7|0x00000000c0700000, 0x00000000c0800000, 0x00000000c0800000|100%| O|  |TS  3|AC  0|TAMS 0x00000000c0700000, 0x00000000c0800000|
|   8|0x00000000c0800000, 0x00000000c0900000, 0x00000000c0900000|100%| O|  |TS  3|AC  0|TAMS 0x00000000c0800000, 0x00000000c0900000|
|   9|0x00000000c0900000, 0x00000000c0a00000, 0x00000000c0a00000|100%| O|  |TS  3|AC  0|TAMS 0x00000000c0900000, 0x00000000c0a00000|
|  10|0x00000000c0a00000, 0x00000000c0b00000, 0x00000000c0b00000|100%| O|  |TS  5|AC  0|TAMS 0x00000000c0a00000, 0x00000000c0b00000|
|  11|0x00000000c0b00000, 0x00000000c0b32600, 0x00000000c0c00000| 19%| O|  |TS  5|AC  0|TAMS 0x00000000c0b00000, 0x00000000c0b32600|
|  12|0x00000000c0c00000, 0x00000000c0c00000, 0x00000000c0d00000|  0%| F|  |TS  0|AC  0|TAMS 0x00000000c0c00000, 0x00000000c0c00000|
|  13|0x00000000c0d00000, 0x00000000c0d00000, 0x00000000c0e00000|  0%| F|  |TS  0|AC  0|TAMS 0x00000000c0d00000, 0x00000000c0d00000|
|  14|0x00000000c0e00000, 0x00000000c0e00000, 0x00000000c0f00000|  0%| F|  |TS  0|AC  0|TAMS 0x00000000c0e00000, 0x00000000c0e00000|
|  15|0x00000000c0f00000, 0x00000000c0f00000, 0x00000000c1000000|  0%| F|  |TS  0|AC  0|TAMS 0x00000000c0f00000, 0x00000000c0f00000|
|  16|0x00000000c1000000, 0x00000000c1000000, 0x00000000c1100000|  0%| F|  |TS  0|AC  0|TAMS 0x00000000c1000000, 0x00000000c1000000|
|  17|0x00000000c1100000, 0x00000000c1100000, 0x00000000c1200000|  0%| F|  |TS  0|AC  0|TAMS 0x00000000c1100000, 0x00000000c1100000|
|  18|0x00000000c1200000, 0x00000000c1200000, 0x00000000c1300000|  0%| F|  |TS  0|AC  0|TAMS 0x00000000c1200000, 0x00000000c1200000|
|  19|0x00000000c1300000, 0x00000000c1300000, 0x00000000c1400000|  0%| F|  |TS  0|AC  0|TAMS 0x00000000c1300000, 0x00000000c1300000|
|  20|0x00000000c1400000, 0x00000000c1400000, 0x00000000c1500000|  0%| F|  |TS  0|AC  0|TAMS 0x00000000c1400000, 0x00000000c1400000|
|  21|0x00000000c1500000, 0x00000000c1500000, 0x00000000c1600000|  0%| F|  |TS  0|AC  0|TAMS 0x00000000c1500000, 0x00000000c1500000|
|  22|0x00000000c1600000, 0x00000000c1600000, 0x00000000c1700000|  0%| F|  |TS  3|AC  0|TAMS 0x00000000c1600000, 0x00000000c1600000|
|  23|0x00000000c1700000, 0x00000000c1700000, 0x00000000c1800000|  0%| F|  |TS  3|AC  0|TAMS 0x00000000c1700000, 0x00000000c1700000|
|  24|0x00000000c1800000, 0x00000000c1800000, 0x00000000c1900000|  0%| F|  |TS  3|AC  0|TAMS 0x00000000c1800000, 0x00000000c1800000|
|  25|0x00000000c1900000, 0x00000000c1900000, 0x00000000c1a00000|  0%| F|  |TS  3|AC  0|TAMS 0x00000000c1900000, 0x00000000c1900000|
|  26|0x00000000c1a00000, 0x00000000c1a00000, 0x00000000c1b00000|  0%| F|  |TS  2|AC  0|TAMS 0x00000000c1a00000, 0x00000000c1a00000|
|  27|0x00000000c1b00000, 0x00000000c1b00000, 0x00000000c1c00000|  0%| F|  |TS  2|AC  0|TAMS 0x00000000c1b00000, 0x00000000c1b00000|
|  28|0x00000000c1c00000, 0x00000000c1c00000, 0x00000000c1d00000|  0%| F|  |TS  2|AC  0|TAMS 0x00000000c1c00000, 0x00000000c1c00000|
|  29|0x00000000c1d00000, 0x00000000c1d00000, 0x00000000c1e00000|  0%| F|  |TS  2|AC  0|TAMS 0x00000000c1d00000, 0x00000000c1d00000|
|  30|0x00000000c1e00000, 0x00000000c1e00000, 0x00000000c1f00000|  0%| F|  |TS  2|AC  0|TAMS 0x00000000c1e00000, 0x00000000c1e00000|
|  31|0x00000000c1f00000, 0x00000000c1f00000, 0x00000000c2000000|  0%| F|  |TS  2|AC  0|TAMS 0x00000000c1f00000, 0x00000000c1f00000|
|  32|0x00000000c2000000, 0x00000000c2000000, 0x00000000c2100000|  0%| F|  |TS  2|AC  0|TAMS 0x00000000c2000000, 0x00000000c2000000|
|  33|0x00000000c2100000, 0x00000000c2100000, 0x00000000c2200000|  0%| F|  |TS  2|AC  0|TAMS 0x00000000c2100000, 0x00000000c2100000|
|  34|0x00000000c2200000, 0x00000000c2200000, 0x00000000c2300000|  0%| F|  |TS  2|AC  0|TAMS 0x00000000c2200000, 0x00000000c2200000|
|  35|0x00000000c2300000, 0x00000000c2300000, 0x00000000c2400000|  0%| F|  |TS  2|AC  0|TAMS 0x00000000c2300000, 0x00000000c2300000|
|  36|0x00000000c2400000, 0x00000000c2400000, 0x00000000c2500000|  0%| F|  |TS  5|AC  0|TAMS 0x00000000c2400000, 0x00000000c2400000|
|  37|0x00000000c2500000, 0x00000000c2500000, 0x00000000c2600000|  0%| F|  |TS  5|AC  0|TAMS 0x00000000c2500000, 0x00000000c2500000|
|  38|0x00000000c2600000, 0x00000000c2600000, 0x00000000c2700000|  0%| F|  |TS  5|AC  0|TAMS 0x00000000c2600000, 0x00000000c2600000|
|  39|0x00000000c2700000, 0x00000000c2747358, 0x00000000c2800000| 27%| S|CS|TS  5|AC  0|TAMS 0x00000000c2700000, 0x00000000c2700000|
|  40|0x00000000c2800000, 0x00000000c2900000, 0x00000000c2900000|100%| S|CS|TS  5|AC  0|TAMS 0x00000000c2800000, 0x00000000c2800000|
|  41|0x00000000c2900000, 0x00000000c2a00000, 0x00000000c2a00000|100%| S|CS|TS  5|AC  0|TAMS 0x00000000c2900000, 0x00000000c2900000|
|  42|0x00000000c2a00000, 0x00000000c2a00000, 0x00000000c2b00000|  0%| F|  |TS  5|AC  0|TAMS 0x00000000c2a00000, 0x00000000c2a00000|
|  43|0x00000000c2b00000, 0x00000000c2b00000, 0x00000000c2c00000|  0%| F|  |TS  5|AC  0|TAMS 0x00000000c2b00000, 0x00000000c2b00000|
|  44|0x00000000c2c00000, 0x00000000c2c00000, 0x00000000c2d00000|  0%| F|  |TS  5|AC  0|TAMS 0x00000000c2c00000, 0x00000000c2c00000|
|  45|0x00000000c2d00000, 0x00000000c2d00000, 0x00000000c2e00000|  0%| F|  |TS  5|AC  0|TAMS 0x00000000c2d00000, 0x00000000c2d00000|
|  46|0x00000000c2e00000, 0x00000000c2e00000, 0x00000000c2f00000|  0%| F|  |TS  5|AC  0|TAMS 0x00000000c2e00000, 0x00000000c2e00000|
|  47|0x00000000c2f00000, 0x00000000c2f00000, 0x00000000c3000000|  0%| F|  |TS  5|AC  0|TAMS 0x00000000c2f00000, 0x00000000c2f00000|
|  48|0x00000000c3000000, 0x00000000c3000000, 0x00000000c3100000|  0%| F|  |TS  5|AC  0|TAMS 0x00000000c3000000, 0x00000000c3000000|
|  49|0x00000000c3100000, 0x00000000c3100000, 0x00000000c3200000|  0%| F|  |TS  5|AC  0|TAMS 0x00000000c3100000, 0x00000000c3100000|
|  50|0x00000000c3200000, 0x00000000c3200000, 0x00000000c3300000|  0%| F|  |TS  5|AC  0|TAMS 0x00000000c3200000, 0x00000000c3200000|
|  51|0x00000000c3300000, 0x00000000c3300000, 0x00000000c3400000|  0%| F|  |TS  5|AC  0|TAMS 0x00000000c3300000, 0x00000000c3300000|
|  52|0x00000000c3400000, 0x00000000c3400000, 0x00000000c3500000|  0%| F|  |TS  5|AC  0|TAMS 0x00000000c3400000, 0x00000000c3400000|
|  53|0x00000000c3500000, 0x00000000c3500000, 0x00000000c3600000|  0%| F|  |TS  5|AC  0|TAMS 0x00000000c3500000, 0x00000000c3500000|
|  54|0x00000000c3600000, 0x00000000c3600000, 0x00000000c3700000|  0%| F|  |TS  5|AC  0|TAMS 0x00000000c3600000, 0x00000000c3600000|
|  55|0x00000000c3700000, 0x00000000c3700000, 0x00000000c3800000|  0%| F|  |TS  5|AC  0|TAMS 0x00000000c3700000, 0x00000000c3700000|
|  56|0x00000000c3800000, 0x00000000c3800000, 0x00000000c3900000|  0%| F|  |TS  5|AC  0|TAMS 0x00000000c3800000, 0x00000000c3800000|
|  57|0x00000000c3900000, 0x00000000c3900000, 0x00000000c3a00000|  0%| F|  |TS  5|AC  0|TAMS 0x00000000c3900000, 0x00000000c3900000|

Card table byte_map: [0x000000001d710000,0x000000001d910000] byte_map_base: 0x000000001d110000

Marking Bits (Prev, Next): (CMBitMap*) 0x0000000000329350, (CMBitMap*) 0x0000000000329388
 Prev Bits: [0x000000001db10000, 0x000000001eb10000)
 Next Bits: [0x000000001eb10000, 0x000000001fb10000)

Polling page: 0x00000000001f0000

CodeHeap 'non-profiled nmethods': size=120064Kb used=646Kb max_used=660Kb free=119417Kb
 bounds [0x0000000015580000, 0x00000000157f0000, 0x000000001cac0000]
CodeHeap 'profiled nmethods': size=120000Kb used=2972Kb max_used=3051Kb free=117027Kb
 bounds [0x000000000e050000, 0x000000000e350000, 0x0000000015580000]
CodeHeap 'non-nmethods': size=5696Kb used=1085Kb max_used=1101Kb free=4610Kb
 bounds [0x000000000dac0000, 0x000000000dd30000, 0x000000000e050000]
 total_blobs=2726 nmethods=1619 adapters=344
 compilation: enabled

Compilation events (10 events):
Event: 6.678 Thread 0x0000000063378800 nmethod 1833 0x00000000155e6010 code [0x00000000155e61c0, 0x00000000155e62d0]
Event: 6.683 Thread 0x0000000063378800 1834       3       java.io.WinNTFileSystem::normalize (224 bytes)
Event: 6.684 Thread 0x0000000063378000 1835       4       java.lang.StringLatin1::getChars (12 bytes)
Event: 6.685 Thread 0x0000000063378000 nmethod 1835 0x00000000155e5c90 code [0x00000000155e5e20, 0x00000000155e5f58]
Event: 6.685 Thread 0x0000000063378800 nmethod 1834 0x000000000e19f890 code [0x000000000e19fca0, 0x000000000e1a19f8]
Event: 6.686 Thread 0x0000000063378800 1836       3       java.util.regex.Pattern$CharProperty::<init> (10 bytes)
Event: 6.686 Thread 0x0000000063378800 nmethod 1836 0x000000000e121790 code [0x000000000e121960, 0x000000000e121c50]
Event: 6.690 Thread 0x0000000063320800 nmethod 1798% 0x00000000155ea290 code [0x00000000155ea580, 0x00000000155eb870]
Event: 6.694 Thread 0x0000000063378800 1837       3       java.lang.Thread::interrupted (8 bytes)
Event: 6.694 Thread 0x0000000063378800 nmethod 1837 0x000000000e0c5c90 code [0x000000000e0c5e40, 0x000000000e0c5fc8]

GC Heap History (10 events):
Event: 1.619 GC heap before
{Heap before GC invocations=0 (full 0):
 garbage-first heap   total 59392K, used 16384K [0x00000000c0000000, 0x0000000100000000)
  region size 1024K, 14 young (14336K), 0 survivors (0K)
 Metaspace       used 9331K, capacity 9579K, committed 9728K, reserved 1058816K
  class space    used 929K, capacity 1002K, committed 1024K, reserved 1048576K
}
Event: 1.679 GC heap after
{Heap after GC invocations=1 (full 0):
 garbage-first heap   total 59392K, used 6468K [0x00000000c0000000, 0x0000000100000000)
  region size 1024K, 2 young (2048K), 2 survivors (2048K)
 Metaspace       used 9331K, capacity 9579K, committed 9728K, reserved 1058816K
  class space    used 929K, capacity 1002K, committed 1024K, reserved 1048576K
}
Event: 3.200 GC heap before
{Heap before GC invocations=1 (full 0):
 garbage-first heap   total 59392K, used 38212K [0x00000000c0000000, 0x0000000100000000)
  region size 1024K, 32 young (32768K), 2 survivors (2048K)
 Metaspace       used 10889K, capacity 11125K, committed 11264K, reserved 1058816K
  class space    used 1139K, capacity 1239K, committed 1280K, reserved 1048576K
}
Event: 3.206 GC heap after
{Heap after GC invocations=2 (full 0):
 garbage-first heap   total 59392K, used 10713K [0x00000000c0000000, 0x0000000100000000)
  region size 1024K, 4 young (4096K), 4 survivors (4096K)
 Metaspace       used 10889K, capacity 11125K, committed 11264K, reserved 1058816K
  class space    used 1139K, capacity 1239K, committed 1280K, reserved 1048576K
}
Event: 3.510 GC heap before
{Heap before GC invocations=2 (full 0):
 garbage-first heap   total 59392K, used 15833K [0x00000000c0000000, 0x0000000100000000)
  region size 1024K, 9 young (9216K), 4 survivors (4096K)
 Metaspace       used 12966K, capacity 13326K, committed 13568K, reserved 1060864K
  class space    used 1408K, capacity 1532K, committed 1536K, reserved 1048576K
}
Event: 3.516 GC heap after
{Heap after GC invocations=3 (full 0):
 garbage-first heap   total 59392K, used 11579K [0x00000000c0000000, 0x0000000100000000)
  region size 1024K, 1 young (1024K), 1 survivors (1024K)
 Metaspace       used 12966K, capacity 13326K, committed 13568K, reserved 1060864K
  class space    used 1408K, capacity 1532K, committed 1536K, reserved 1048576K
}
Event: 5.613 GC heap before
{Heap before GC invocations=3 (full 0):
 garbage-first heap   total 59392K, used 30011K [0x00000000c0000000, 0x0000000100000000)
  region size 1024K, 19 young (19456K), 1 survivors (1024K)
 Metaspace       used 17428K, capacity 17795K, committed 17920K, reserved 1064960K
  class space    used 2032K, capacity 2197K, committed 2304K, reserved 1048576K
}
Event: 5.617 GC heap after
{Heap after GC invocations=4 (full 0):
 garbage-first heap   total 59392K, used 12917K [0x00000000c0000000, 0x0000000100000000)
  region size 1024K, 3 young (3072K), 3 survivors (3072K)
 Metaspace       used 17428K, capacity 17795K, committed 17920K, reserved 1064960K
  class space    used 2032K, capacity 2197K, committed 2304K, reserved 1048576K
}
Event: 6.702 GC heap before
{Heap before GC invocations=4 (full 0):
 garbage-first heap   total 59392K, used 28277K [0x00000000c0000000, 0x0000000100000000)
  region size 1024K, 19 young (19456K), 3 survivors (3072K)
 Metaspace       used 19532K, capacity 19880K, committed 19968K, reserved 1073152K
  class space    used 2353K, capacity 2487K, committed 2560K, reserved 1048576K
}
Event: 6.705 GC heap after
{Heap after GC invocations=5 (full 0):
 garbage-first heap   total 59392K, used 13798K [0x00000000c0000000, 0x0000000100000000)
  region size 1024K, 3 young (3072K), 3 survivors (3072K)
 Metaspace       used 19532K, capacity 19880K, committed 19968K, reserved 1073152K
  class space    used 2353K, capacity 2487K, committed 2560K, reserved 1048576K
}

Deoptimization events (10 events):
Event: 4.020 Thread 0x00000000002d1000 Uncommon trap: reason=unstable_if action=reinterpret pc=0x00000000155d528c method=java.lang.String.substring(I)Ljava/lang/String; @ 43 c2
Event: 4.824 Thread 0x00000000002d1000 Uncommon trap: reason=unstable_if action=reinterpret pc=0x00000000155a4c5c method=java.lang.StringCoding.hasNegatives([BII)Z @ 12 c2
Event: 4.824 Thread 0x00000000002d1000 Uncommon trap: reason=unstable_if action=reinterpret pc=0x0000000015593c2c method=java.lang.StringUTF16.compress([CI[BII)I @ 20 c2
Event: 5.198 Thread 0x000000006720f000 Uncommon trap: reason=unstable_if action=reinterpret pc=0x00000000155d2474 method=java.lang.StringUTF16.compress([CII)[B @ 13 c2
Event: 5.340 Thread 0x0000000064f1b000 Uncommon trap: reason=unstable_if action=reinterpret pc=0x00000000155ccc7c method=java.lang.AbstractStringBuilder.putStringAt(ILjava/lang/String;)V @ 8 c2
Event: 5.340 Thread 0x0000000064f1b000 Uncommon trap: reason=unstable_if action=reinterpret pc=0x00000000155cc550 method=java.lang.String.getBytes([BIB)V @ 5 c2
Event: 5.341 Thread 0x0000000064f1b000 Uncommon trap: reason=unstable_if action=reinterpret pc=0x00000000155e8a1c method=java.lang.AbstractStringBuilder.isLatin1()Z @ 10 c2
Event: 5.341 Thread 0x0000000064f1b000 Uncommon trap: reason=unstable_if action=reinterpret pc=0x00000000155d0a50 method=java.lang.String.getChars(II[CI)V @ 23 c2
Event: 5.371 Thread 0x0000000064f1b000 Uncommon trap: reason=unstable_if action=reinterpret pc=0x00000000156047fc method=java.util.HashMap.putVal(ILjava/lang/Object;Ljava/lang/Object;ZZ)Ljava/lang/Object; @ 94 c2
Event: 6.679 Thread 0x0000000064f1b000 Uncommon trap: reason=unstable_if action=reinterpret pc=0x00000000155d3820 method=java.io.WinNTFileSystem.resolve(Ljava/lang/String;Ljava/lang/String;)Ljava/lang/String; @ 156 c2

Classes redefined (0 events):
No events

Internal exceptions (10 events):
Event: 5.092 Thread 0x000000006720f000 Exception <a 'java/lang/NoSuchMethodError'{0x00000000c30cb110}: <clinit>> (0x00000000c30cb110) thrown at [t:/workspace/open/src/hotspot/share/prims/jni.cpp, line 1366]
Event: 5.174 Thread 0x000000006720f000 Exception <a 'java/lang/NoSuchMethodError'{0x00000000c2f13e38}: <clinit>> (0x00000000c2f13e38) thrown at [t:/workspace/open/src/hotspot/share/prims/jni.cpp, line 1366]
Event: 5.180 Thread 0x000000006720f000 Exception <a 'java/lang/NoSuchMethodError'{0x00000000c2f39780}: <clinit>> (0x00000000c2f39780) thrown at [t:/workspace/open/src/hotspot/share/prims/jni.cpp, line 1366]
Event: 5.190 Thread 0x000000006720f000 Exception <a 'java/lang/NoSuchMethodError'{0x00000000c2f51138}: <clinit>> (0x00000000c2f51138) thrown at [t:/workspace/open/src/hotspot/share/prims/jni.cpp, line 1366]
Event: 5.381 Thread 0x0000000064f1b000 Exception <a 'java/lang/NoSuchMethodError'{0x00000000c2edd988}: method resolution failed> (0x00000000c2edd988) thrown at [t:/workspace/open/src/hotspot/share/prims/methodHandles.cpp, line 1226]
Event: 5.384 Thread 0x0000000064f1b000 Exception <a 'java/lang/NoSuchMethodError'{0x00000000c2eec228}: method resolution failed> (0x00000000c2eec228) thrown at [t:/workspace/open/src/hotspot/share/prims/methodHandles.cpp, line 1226]
Event: 5.384 Thread 0x0000000064f1b000 Exception <a 'java/lang/NoSuchMethodError'{0x00000000c2eefce8}: java.lang.invoke.DelegatingMethodHandle$Holder.reinvoke_L(Ljava/lang/Object;Ljava/lang/Object;Ljava/lang/Object;Ljava/lang/Object;)V> (0x00000000c2eefce8) thrown at [t:/workspace/open/src/hot
Event: 5.386 Thread 0x0000000064f1b000 Exception <a 'java/lang/NoSuchMethodError'{0x00000000c2ef5e90}: java.lang.invoke.Invokers$Holder.invoker(Ljava/lang/Object;Ljava/lang/Object;Ljava/lang/Object;Ljava/lang/Object;)Ljava/lang/Object;> (0x00000000c2ef5e90) thrown at [t:/workspace/open/src/hot
Event: 5.767 Thread 0x0000000064f1b000 Exception <a 'java/lang/NoSuchMethodError'{0x00000000c3411e38}: java.lang.invoke.DirectMethodHandle$Holder.invokeVirtual(Ljava/lang/Object;Ljava/lang/Object;Ljava/lang/Object;Ljava/lang/Object;)Ljava/lang/Object;> (0x00000000c3411e38) thrown at [t:/worksp
Event: 5.768 Thread 0x0000000064f1b000 Exception <a 'java/lang/NoSuchMethodError'{0x00000000c3415990}: java.lang.invoke.DirectMethodHandle$Holder.invokeVirtual(Ljava/lang/Object;Ljava/lang/Object;Ljava/lang/Object;)Ljava/lang/Object;> (0x00000000c3415990) thrown at [t:/workspace/open/src/hotsp

Events (10 events):
Event: 6.699 loading class org/gradle/groovy/scripts/internal/DefaultScriptCompilationHandler done
Event: 6.700 loading class org/codehaus/groovy/control/CompilationFailedException
Event: 6.700 loading class org/codehaus/groovy/control/CompilationFailedException done
Event: 6.700 loading class groovy/lang/GroovyRuntimeException
Event: 6.700 loading class groovy/lang/GroovyRuntimeException done
Event: 6.701 loading class org/codehaus/groovy/control/MultipleCompilationErrorsException
Event: 6.701 loading class org/codehaus/groovy/control/MultipleCompilationErrorsException done
Event: 6.701 loading class groovy/lang/GroovyClassLoader
Event: 6.701 loading class groovy/lang/GroovyClassLoader done
Event: 6.701 Executing VM operation: CollectForMetadataAllocation


Dynamic libraries:
0x000000013f810000 - 0x000000013f84e000 	C:\Program Files\Java\jdk-10.0.1\bin\java.exe
0x00000000773c0000 - 0x0000000077569000 	C:\Windows\SYSTEM32\ntdll.dll
0x0000000076f90000 - 0x00000000770af000 	C:\Windows\system32\kernel32.dll
0x000007fefda10000 - 0x000007fefda7b000 	C:\Windows\system32\KERNELBASE.dll
0x000007fefee60000 - 0x000007fefef3b000 	C:\Windows\system32\ADVAPI32.dll
0x000007feff5a0000 - 0x000007feff63f000 	C:\Windows\system32\msvcrt.dll
0x000007feff030000 - 0x000007feff04f000 	C:\Windows\SYSTEM32\sechost.dll
0x000007fefde20000 - 0x000007fefdf4d000 	C:\Windows\system32\RPCRT4.dll
0x00000000772c0000 - 0x00000000773ba000 	C:\Windows\system32\USER32.dll
0x000007fefefc0000 - 0x000007feff027000 	C:\Windows\system32\GDI32.dll
0x000007fefdbf0000 - 0x000007fefdbfe000 	C:\Windows\system32\LPK.dll
0x000007fefdd50000 - 0x000007fefde19000 	C:\Windows\system32\USP10.dll
0x000007fefc040000 - 0x000007fefc234000 	C:\Windows\WinSxS\amd64_microsoft.windows.common-controls_6595b64144ccf1df_6.0.7601.17514_none_fa396087175ac9ac\COMCTL32.dll
0x000007feff640000 - 0x000007feff6b1000 	C:\Windows\system32\SHLWAPI.dll
0x000007fefc8b0000 - 0x000007fefc8bc000 	C:\Windows\system32\VERSION.dll
0x000007feff340000 - 0x000007feff36e000 	C:\Windows\system32\IMM32.DLL
0x000007feff230000 - 0x000007feff339000 	C:\Windows\system32\MSCTF.dll
0x000007fee5770000 - 0x000007fee585f000 	C:\Program Files\Java\jdk-10.0.1\bin\msvcr120.dll
0x000007fee5d20000 - 0x000007fee5dc6000 	C:\Program Files\Java\jdk-10.0.1\bin\msvcp120.dll
0x0000000065e00000 - 0x0000000066870000 	C:\Program Files\Java\jdk-10.0.1\bin\server\jvm.dll
0x000007fefc020000 - 0x000007fefc029000 	C:\Windows\system32\WSOCK32.dll
0x000007fefdd00000 - 0x000007fefdd4d000 	C:\Windows\system32\WS2_32.dll
0x000007feff6c0000 - 0x000007feff6c8000 	C:\Windows\system32\NSI.dll
0x000007fefaf70000 - 0x000007fefafab000 	C:\Windows\system32\WINMM.dll
0x0000000077580000 - 0x0000000077587000 	C:\Windows\system32\PSAPI.DLL
0x000007fee7930000 - 0x000007fee793f000 	C:\Program Files\Java\jdk-10.0.1\bin\verify.dll
0x000007fef9510000 - 0x000007fef9635000 	C:\Windows\system32\DBGHELP.DLL
0x000007fee6420000 - 0x000007fee6447000 	C:\Program Files\Java\jdk-10.0.1\bin\java.dll
0x000007fee7040000 - 0x000007fee7056000 	C:\Program Files\Java\jdk-10.0.1\bin\zip.dll
0x000007fee7960000 - 0x000007fee796a000 	C:\Program Files\Java\jdk-10.0.1\bin\jimage.dll
0x000007fefe0d0000 - 0x000007fefee58000 	C:\Windows\system32\SHELL32.dll
0x000007feff390000 - 0x000007feff593000 	C:\Windows\system32\ole32.dll
0x000007fefd820000 - 0x000007fefd82f000 	C:\Windows\system32\profapi.dll
0x000007fee70b0000 - 0x000007fee70ca000 	C:\Program Files\Java\jdk-10.0.1\bin\net.dll
0x000007fef8e90000 - 0x000007fef8f01000 	C:\Windows\system32\WINHTTP.dll
0x000007fef8e20000 - 0x000007fef8e84000 	C:\Windows\system32\webio.dll
0x000007fefd050000 - 0x000007fefd0a5000 	C:\Windows\system32\mswsock.dll
0x000007fefd040000 - 0x000007fefd047000 	C:\Windows\System32\wship6.dll
0x000007fee5d00000 - 0x000007fee5d11000 	C:\Program Files\Java\jdk-10.0.1\bin\nio.dll
0x000007fee70d0000 - 0x000007fee70ee000 	C:\Users\PC\.gradle\native\25\windows-amd64\native-platform.dll
0x000007fee7030000 - 0x000007fee7039000 	C:\Program Files\Java\jdk-10.0.1\bin\management.dll
0x000007fee6410000 - 0x000007fee641a000 	C:\Program Files\Java\jdk-10.0.1\bin\management_ext.dll
0x000007fefd0b0000 - 0x000007fefd0c7000 	C:\Windows\system32\CRYPTSP.dll
0x000007fefcdb0000 - 0x000007fefcdf7000 	C:\Windows\system32\rsaenh.dll
0x000007fefcb70000 - 0x000007fefcb8e000 	C:\Windows\system32\USERENV.dll
0x000007fefd750000 - 0x000007fefd75f000 	C:\Windows\system32\CRYPTBASE.dll
0x000007fefaf40000 - 0x000007fefaf67000 	C:\Windows\system32\IPHLPAPI.DLL
0x000007fefaf30000 - 0x000007fefaf3b000 	C:\Windows\system32\WINNSI.DLL
0x000007fefa700000 - 0x000007fefa711000 	C:\Windows\system32\dhcpcsvc6.DLL
0x000007fefa210000 - 0x000007fefa228000 	C:\Windows\system32\dhcpcsvc.DLL

dbghelp: loaded successfully - version: 4.0.5 - missing functions: none
symbol engine: initialized successfully - sym options: 0x614 - pdb path: .;C:\Program Files\Java\jdk-10.0.1\bin;C:\Windows\SYSTEM32;C:\Windows\WinSxS\amd64_microsoft.windows.common-controls_6595b64144ccf1df_6.0.7601.17514_none_fa396087175ac9ac;C:\Program Files\Java\jdk-10.0.1\bin\server;C:\Users\PC\.gradle\native\25\windows-amd64

VM Arguments:
jvm_args: -XX:+HeapDumpOnOutOfMemoryError -Xmx1024m -Dfile.encoding=windows-1251 -Duser.country=RU -Duser.language=ru -Duser.variant 
java_command: org.gradle.launcher.daemon.bootstrap.GradleDaemon 4.7
java_class_path (initial): C:\Users\PC\.gradle\wrapper\dists\gradle-4.7-all\4cret0dgl5o3b21weaoncl7ys\gradle-4.7\lib\gradle-launcher-4.7.jar
Launcher Type: SUN_STANDARD

Logging:
Log output configuration:
#0: stdout all=warning uptime,level,tags
#1: stderr all=off uptime,level,tags

Environment Variables:
JAVA_HOME=C:\Program Files\Java\jdk-10.0.1\
PATH=C:\Program Files\Java\jdk-10.0.1\\bin;C:\Program Files (x86)\Common Files\Oracle\Java\javapath;C:\ProgramData\Oracle\Java\javapath;C:\Windows\system32;C:\Windows;C:\Windows\System32\Wbem;C:\Windows\System32\WindowsPowerShell\v1.0\;C:\corp2.client\vega\bin\;C:\Program Files (x86)\Skype\Phone\;C:\Program Files (x86)\NVIDIA Corporation\PhysX\Common;C:\Program Files\Git\cmd;F:\WebDrivers\
USERNAME=PC
OS=Windows_NT
PROCESSOR_IDENTIFIER=Intel64 Family 6 Model 30 Stepping 5, GenuineIntel



---------------  S Y S T E M  ---------------

OS: Windows 7 , 64 bit Build 7601 (6.1.7601.18015)

CPU:total 4 (initial active 4) (4 cores per cpu, 1 threads per core) family 6 model 30 stepping 5, cmov, cx8, fxsr, mmx, sse, sse2, sse3, ssse3, sse4.1, sse4.2, popcnt, tsc, tscinvbit

Memory: 4k page, physical 3700728k(838696k free), swap 3698864k(3776k free)

vm_info: Java HotSpot(TM) 64-Bit Server VM (10.0.1+10) for windows-amd64 JRE (10.0.1+10), built on Mar 27 2018 02:27:48 by "mach5one" with MS VC++ 12.0 (VS2013)

END.
